13:12:45 [DEBUG] (1) cs2_sdk::analysis::buttons: found "lookatweapon" at 0x7FFC2CD40D20 (client.dll + 0x2340D20)
13:12:45 [DEBUG] (1) cs2_sdk::analysis::buttons: found "zoom" at 0x7FFC2CD40C90 (client.dll + 0x2340C90)
13:12:45 [DEBUG] (1) cs2_sdk::analysis::buttons: found "showscores" at 0x7FFC2CD40C00 (client.dll + 0x2340C00)
13:12:45 [DEBUG] (1) cs2_sdk::analysis::buttons: found "duck" at 0x7FFC2CA50F30 (client.dll + 0x2050F30)
13:12:45 [DEBUG] (1) cs2_sdk::analysis::buttons: found "jump" at 0x7FFC2CA50EA0 (client.dll + 0x2050EA0)
13:12:45 [DEBUG] (1) cs2_sdk::analysis::buttons: found "use" at 0x7FFC2CA50E10 (client.dll + 0x2050E10)
13:12:45 [DEBUG] (1) cs2_sdk::analysis::buttons: found "right" at 0x7FFC2CA50D80 (client.dll + 0x2050D80)
13:12:45 [DEBUG] (1) cs2_sdk::analysis::buttons: found "left" at 0x7FFC2CA50CF0 (client.dll + 0x2050CF0)
13:12:45 [DEBUG] (1) cs2_sdk::analysis::buttons: found "back" at 0x7FFC2CA50C60 (client.dll + 0x2050C60)
13:12:45 [DEBUG] (1) cs2_sdk::analysis::buttons: found "forward" at 0x7FFC2CA50BD0 (client.dll + 0x2050BD0)
13:12:45 [DEBUG] (1) cs2_sdk::analysis::buttons: found "turnright" at 0x7FFC2CA50B40 (client.dll + 0x2050B40)
13:12:45 [DEBUG] (1) cs2_sdk::analysis::buttons: found "turnleft" at 0x7FFC2CA50AB0 (client.dll + 0x2050AB0)
13:12:45 [DEBUG] (1) cs2_sdk::analysis::buttons: found "attack2" at 0x7FFC2CA50A20 (client.dll + 0x2050A20)
13:12:45 [DEBUG] (1) cs2_sdk::analysis::buttons: found "attack" at 0x7FFC2CA50990 (client.dll + 0x2050990)
13:12:45 [DEBUG] (1) cs2_sdk::analysis::buttons: found "reload" at 0x7FFC2CA50900 (client.dll + 0x2050900)
13:12:45 [DEBUG] (1) cs2_sdk::analysis::buttons: found "sprint" at 0x7FFC2CA50870 (client.dll + 0x2050870)
13:12:45 [INFO] found 16 buttons
13:12:45 [DEBUG] (1) cs2_sdk::analysis::interfaces: found "VStringTokenSystem001" at 0x7FFC6C2900B0 (tier0.dll + 0x3D00B0)
13:12:45 [DEBUG] (1) cs2_sdk::analysis::interfaces: found "TestScriptMgr001" at 0x7FFC6C25E6F0 (tier0.dll + 0x39E6F0)
13:12:45 [DEBUG] (1) cs2_sdk::analysis::interfaces: found "VProcessUtils002" at 0x7FFC6C25E690 (tier0.dll + 0x39E690)
13:12:45 [DEBUG] (1) cs2_sdk::analysis::interfaces: found "VEngineCvar007" at 0x7FFC6C2693B0 (tier0.dll + 0x3A93B0)
13:12:45 [DEBUG] (1) cs2_sdk::analysis::interfaces: found "SimpleEngineLoopService_001" at 0x7FFC4E7733A0 (engine2.dll + 0x6133A0)
13:12:45 [DEBUG] (1) cs2_sdk::analysis::interfaces: found "ClientServerEngineLoopService_001" at 0x7FFC4EA6C000 (engine2.dll + 0x90C000)
13:12:45 [DEBUG] (1) cs2_sdk::analysis::interfaces: found "KeyValueCache001" at 0x7FFC4E773340 (engine2.dll + 0x613340)
13:12:45 [DEBUG] (1) cs2_sdk::analysis::interfaces: found "HostStateMgr001" at 0x7FFC4E773290 (engine2.dll + 0x613290)
13:12:45 [DEBUG] (1) cs2_sdk::analysis::interfaces: found "GameEventSystemServerV001" at 0x7FFC4EA6BCF0 (engine2.dll + 0x90BCF0)
13:12:45 [DEBUG] (1) cs2_sdk::analysis::interfaces: found "GameEventSystemClientV001" at 0x7FFC4EA6BBC0 (engine2.dll + 0x90BBC0)
13:12:45 [DEBUG] (1) cs2_sdk::analysis::interfaces: found "EngineServiceMgr001" at 0x7FFC4EA6B8E0 (engine2.dll + 0x90B8E0)
13:12:45 [DEBUG] (1) cs2_sdk::analysis::interfaces: found "ClientServerSharedHandleSystem001" at 0x7FFC4EA6B5B0 (engine2.dll + 0x90B5B0)
13:12:45 [DEBUG] (1) cs2_sdk::analysis::interfaces: found "VProfService_001" at 0x7FFC4E773140 (engine2.dll + 0x613140)
13:12:45 [DEBUG] (1) cs2_sdk::analysis::interfaces: found "ToolService_001" at 0x7FFC4E773100 (engine2.dll + 0x613100)
13:12:45 [DEBUG] (1) cs2_sdk::analysis::interfaces: found "StatsService_001" at 0x7FFC4EA6AE00 (engine2.dll + 0x90AE00)
13:12:45 [DEBUG] (1) cs2_sdk::analysis::interfaces: found "SplitScreenService_001" at 0x7FFC4E772F40 (engine2.dll + 0x612F40)
13:12:45 [DEBUG] (1) cs2_sdk::analysis::interfaces: found "SoundService_001" at 0x7FFC4E772C60 (engine2.dll + 0x612C60)
13:12:45 [DEBUG] (1) cs2_sdk::analysis::interfaces: found "ScreenshotService001" at 0x7FFC4EA6AA40 (engine2.dll + 0x90AA40)
13:12:45 [DEBUG] (1) cs2_sdk::analysis::interfaces: found "RenderService_001" at 0x7FFC4EA6A780 (engine2.dll + 0x90A780)
13:12:45 [DEBUG] (1) cs2_sdk::analysis::interfaces: found "NetworkService_001" at 0x7FFC4E772C20 (engine2.dll + 0x612C20)
13:12:45 [DEBUG] (1) cs2_sdk::analysis::interfaces: found "NetworkServerService_001" at 0x7FFC4EA6A510 (engine2.dll + 0x90A510)
13:12:45 [DEBUG] (1) cs2_sdk::analysis::interfaces: found "NetworkP2PService_001" at 0x7FFC4EA6A360 (engine2.dll + 0x90A360)
13:12:45 [DEBUG] (1) cs2_sdk::analysis::interfaces: found "NetworkClientService_001" at 0x7FFC4EA6A020 (engine2.dll + 0x90A020)
13:12:45 [DEBUG] (1) cs2_sdk::analysis::interfaces: found "MapListService_001" at 0x7FFC4EA69E90 (engine2.dll + 0x909E90)
13:12:45 [DEBUG] (1) cs2_sdk::analysis::interfaces: found "InputService_001" at 0x7FFC4EA2B020 (engine2.dll + 0x8CB020)
13:12:45 [DEBUG] (1) cs2_sdk::analysis::interfaces: found "GameUIService_001" at 0x7FFC4EA2AD30 (engine2.dll + 0x8CAD30)
13:12:45 [DEBUG] (1) cs2_sdk::analysis::interfaces: found "GameResourceServiceServerV001" at 0x7FFC4E772AB0 (engine2.dll + 0x612AB0)
13:12:45 [DEBUG] (1) cs2_sdk::analysis::interfaces: found "GameResourceServiceClientV001" at 0x7FFC4E772A50 (engine2.dll + 0x612A50)
13:12:45 [DEBUG] (1) cs2_sdk::analysis::interfaces: found "BugService001" at 0x7FFC4EA2A900 (engine2.dll + 0x8CA900)
13:12:45 [DEBUG] (1) cs2_sdk::analysis::interfaces: found "BenchmarkService001" at 0x7FFC4E772950 (engine2.dll + 0x612950)
13:12:45 [DEBUG] (1) cs2_sdk::analysis::interfaces: found "VENGINE_GAMEUIFUNCS_VERSION005" at 0x7FFC4E770330 (engine2.dll + 0x610330)
13:12:45 [DEBUG] (1) cs2_sdk::analysis::interfaces: found "EngineGameUI001" at 0x7FFC4E7702A0 (engine2.dll + 0x6102A0)
13:12:45 [DEBUG] (1) cs2_sdk::analysis::interfaces: found "INETSUPPORT_001" at 0x7FFC4E76C040 (engine2.dll + 0x60C040)
13:12:45 [DEBUG] (1) cs2_sdk::analysis::interfaces: found "Source2EngineToServerStringTable001" at 0x7FFC4E76FCA0 (engine2.dll + 0x60FCA0)
13:12:45 [DEBUG] (1) cs2_sdk::analysis::interfaces: found "Source2EngineToServer001" at 0x7FFC4E76FC78 (engine2.dll + 0x60FC78)
13:12:45 [DEBUG] (1) cs2_sdk::analysis::interfaces: found "Source2EngineToClientStringTable001" at 0x7FFC4E76FC00 (engine2.dll + 0x60FC00)
13:12:45 [DEBUG] (1) cs2_sdk::analysis::interfaces: found "Source2EngineToClient001" at 0x7FFC4E76FBA0 (engine2.dll + 0x60FBA0)
13:12:45 [DEBUG] (1) cs2_sdk::analysis::interfaces: found "VConComm001" at 0x7FFCFC7B95C0 (vconcomm.dll + 0x395C0)
13:12:45 [DEBUG] (1) cs2_sdk::analysis::interfaces: found "IVALIDATE001" at 0x7FFC6D98D098 (steamclient64.dll + 0x16BD098)
13:12:45 [DEBUG] (1) cs2_sdk::analysis::interfaces: found "SteamClient023" at 0x7FFC6D98A588 (steamclient64.dll + 0x16BA588)
13:12:45 [DEBUG] (1) cs2_sdk::analysis::interfaces: found "SteamClient022" at 0x7FFC6D98A580 (steamclient64.dll + 0x16BA580)
13:12:45 [DEBUG] (1) cs2_sdk::analysis::interfaces: found "SteamClient021" at 0x7FFC6D98A578 (steamclient64.dll + 0x16BA578)
13:12:45 [DEBUG] (1) cs2_sdk::analysis::interfaces: found "SteamClient020" at 0x7FFC6D98A570 (steamclient64.dll + 0x16BA570)
13:12:45 [DEBUG] (1) cs2_sdk::analysis::interfaces: found "SteamClient019" at 0x7FFC6D98A568 (steamclient64.dll + 0x16BA568)
13:12:45 [DEBUG] (1) cs2_sdk::analysis::interfaces: found "SteamClient018" at 0x7FFC6D98A560 (steamclient64.dll + 0x16BA560)
13:12:45 [DEBUG] (1) cs2_sdk::analysis::interfaces: found "SteamClient017" at 0x7FFC6D98A558 (steamclient64.dll + 0x16BA558)
13:12:45 [DEBUG] (1) cs2_sdk::analysis::interfaces: found "SteamClient016" at 0x7FFC6D98A550 (steamclient64.dll + 0x16BA550)
13:12:45 [DEBUG] (1) cs2_sdk::analysis::interfaces: found "SteamClient015" at 0x7FFC6D98A548 (steamclient64.dll + 0x16BA548)
13:12:45 [DEBUG] (1) cs2_sdk::analysis::interfaces: found "SteamClient014" at 0x7FFC6D98A540 (steamclient64.dll + 0x16BA540)
13:12:45 [DEBUG] (1) cs2_sdk::analysis::interfaces: found "SteamClient013" at 0x7FFC6D98A538 (steamclient64.dll + 0x16BA538)
13:12:45 [DEBUG] (1) cs2_sdk::analysis::interfaces: found "SteamClient012" at 0x7FFC6D98A530 (steamclient64.dll + 0x16BA530)
13:12:45 [DEBUG] (1) cs2_sdk::analysis::interfaces: found "SteamClient011" at 0x7FFC6D98A528 (steamclient64.dll + 0x16BA528)
13:12:45 [DEBUG] (1) cs2_sdk::analysis::interfaces: found "SteamClient010" at 0x7FFC6D98A520 (steamclient64.dll + 0x16BA520)
13:12:45 [DEBUG] (1) cs2_sdk::analysis::interfaces: found "SteamClient009" at 0x7FFC6D98A518 (steamclient64.dll + 0x16BA518)
13:12:45 [DEBUG] (1) cs2_sdk::analysis::interfaces: found "SteamClient008" at 0x7FFC6D98A510 (steamclient64.dll + 0x16BA510)
13:12:45 [DEBUG] (1) cs2_sdk::analysis::interfaces: found "SteamClient007" at 0x7FFC6D98A508 (steamclient64.dll + 0x16BA508)
13:12:45 [DEBUG] (1) cs2_sdk::analysis::interfaces: found "SteamClient006" at 0x7FFC6D98A500 (steamclient64.dll + 0x16BA500)
13:12:45 [DEBUG] (1) cs2_sdk::analysis::interfaces: found "p2pvoice002" at 0x7FFC6D7B627F (steamclient64.dll + 0x14E627F)
13:12:45 [DEBUG] (1) cs2_sdk::analysis::interfaces: found "p2pvoicesingleton002" at 0x7FFC6D9650F0 (steamclient64.dll + 0x16950F0)
13:12:45 [DEBUG] (1) cs2_sdk::analysis::interfaces: found "IVALIDATE001" at 0x7FFC7F33F990 (vstdlib_s64.dll + 0x6F990)
13:12:45 [DEBUG] (1) cs2_sdk::analysis::interfaces: found "VEngineCvar002" at 0x7FFC7F33E070 (vstdlib_s64.dll + 0x6E070)
13:12:45 [DEBUG] (1) cs2_sdk::analysis::interfaces: found "VAsyncFileSystem2_001" at 0x7FFC88B959E0 (filesystem_stdio.dll + 0x2159E0)
13:12:45 [DEBUG] (1) cs2_sdk::analysis::interfaces: found "VFileSystem017" at 0x7FFC88B957A0 (filesystem_stdio.dll + 0x2157A0)
13:12:45 [DEBUG] (1) cs2_sdk::analysis::interfaces: found "InputSystemVersion001" at 0x7FFCB3B92B50 (inputsystem.dll + 0x42B50)
13:12:45 [DEBUG] (1) cs2_sdk::analysis::interfaces: found "InputStackSystemVersion001" at 0x7FFCB3B90E30 (inputsystem.dll + 0x40E30)
13:12:45 [DEBUG] (1) cs2_sdk::analysis::interfaces: found "IMEManager001" at 0x7FFCFB986B20 (imemanager.dll + 0x36B20)
13:12:45 [DEBUG] (1) cs2_sdk::analysis::interfaces: found "Localize_001" at 0x7FFCB1AA2180 (localize.dll + 0x62180)
13:12:45 [DEBUG] (1) cs2_sdk::analysis::interfaces: found "RenderUtils_001" at 0x7FFC4E0BBE28 (rendersystemdx11.dll + 0x42BE28)
13:12:45 [DEBUG] (1) cs2_sdk::analysis::interfaces: found "VRenderDeviceMgrBackdoor001" at 0x7FFC4E0BB5D0 (rendersystemdx11.dll + 0x42B5D0)
13:12:45 [DEBUG] (1) cs2_sdk::analysis::interfaces: found "RenderDeviceMgr001" at 0x7FFC4E0BB530 (rendersystemdx11.dll + 0x42B530)
13:12:45 [DEBUG] (1) cs2_sdk::analysis::interfaces: found "ResourceSystem013" at 0x7FFC978531E0 (resourcesystem.dll + 0x831E0)
13:12:45 [DEBUG] (1) cs2_sdk::analysis::interfaces: found "SchemaSystem_001" at 0x7FFC977C6800 (schemasystem.dll + 0x76800)
13:12:45 [DEBUG] (1) cs2_sdk::analysis::interfaces: found "MaterialUtils_001" at 0x7FFC939F5D40 (materialsystem2.dll + 0x145D40)
13:12:45 [DEBUG] (1) cs2_sdk::analysis::interfaces: found "TextLayout_001" at 0x7FFC939F5CD0 (materialsystem2.dll + 0x145CD0)
13:12:45 [DEBUG] (1) cs2_sdk::analysis::interfaces: found "PostProcessingSystem_001" at 0x7FFC939F5C50 (materialsystem2.dll + 0x145C50)
13:12:45 [DEBUG] (1) cs2_sdk::analysis::interfaces: found "FontManager_001" at 0x7FFC93A0DE60 (materialsystem2.dll + 0x15DE60)
13:12:45 [DEBUG] (1) cs2_sdk::analysis::interfaces: found "VMaterialSystem2_001" at 0x7FFC93A0D750 (materialsystem2.dll + 0x15D750)
13:12:45 [DEBUG] (1) cs2_sdk::analysis::interfaces: found "MeshSystem001" at 0x7FFC85C80C20 (meshsystem.dll + 0x150C20)
13:12:45 [DEBUG] (1) cs2_sdk::analysis::interfaces: found "WorldRendererMgr001" at 0x7FFC67FE5C40 (worldrenderer.dll + 0x225C40)
13:12:45 [DEBUG] (1) cs2_sdk::analysis::interfaces: found "IPulseSystem_001" at 0x7FFC517C36A0 (pulse_system.dll + 0x1F36A0)
13:12:45 [DEBUG] (1) cs2_sdk::analysis::interfaces: found "VScriptManager010" at 0x7FFC84B6B410 (vscript.dll + 0x13B410)
13:12:45 [DEBUG] (1) cs2_sdk::analysis::interfaces: found "SerializedEntitiesVersion001" at 0x7FFC4DC56F40 (networksystem.dll + 0x286F40)
13:12:45 [DEBUG] (1) cs2_sdk::analysis::interfaces: found "NetworkSystemVersion001" at 0x7FFC4DC56E50 (networksystem.dll + 0x286E50)
13:12:45 [DEBUG] (1) cs2_sdk::analysis::interfaces: found "NetworkMessagesVersion001" at 0x7FFC4DC659D0 (networksystem.dll + 0x2959D0)
13:12:45 [DEBUG] (1) cs2_sdk::analysis::interfaces: found "FlattenedSerializersVersion001" at 0x7FFC4DC3D700 (networksystem.dll + 0x26D700)
13:12:45 [DEBUG] (1) cs2_sdk::analysis::interfaces: found "AnimationSystemUtils_001" at 0x7FFC435E2190 (animationsystem.dll + 0x812190)
13:12:45 [DEBUG] (1) cs2_sdk::analysis::interfaces: found "AnimationSystem_001" at 0x7FFC435DA0B0 (animationsystem.dll + 0x80A0B0)
13:12:45 [DEBUG] (1) cs2_sdk::analysis::interfaces: found "VPhysics2_Interface_001" at 0x7FFC4823DDA0 (vphysics2.dll + 0x40DDA0)
13:12:45 [DEBUG] (1) cs2_sdk::analysis::interfaces: found "SoundOpSystem001" at 0x7FFC463229C0 (soundsystem.dll + 0x5129C0)
13:12:45 [DEBUG] (1) cs2_sdk::analysis::interfaces: found "SoundOpSystemEdit001" at 0x7FFC46322880 (soundsystem.dll + 0x512880)
13:12:45 [DEBUG] (1) cs2_sdk::analysis::interfaces: found "VMixEditTool001" at 0x7FFC4B7587BF (soundsystem.dll + 0x59487BF)
13:12:45 [DEBUG] (1) cs2_sdk::analysis::interfaces: found "SoundSystem001" at 0x7FFC46322360 (soundsystem.dll + 0x512360)
13:12:45 [DEBUG] (1) cs2_sdk::analysis::interfaces: found "SteamAudio001" at 0x7FFC46C2E620 (steamaudio.dll + 0x25E620)
13:12:45 [DEBUG] (1) cs2_sdk::analysis::interfaces: found "SceneUtils_001" at 0x7FFC41524AB0 (scenesystem.dll + 0x664AB0)
13:12:45 [DEBUG] (1) cs2_sdk::analysis::interfaces: found "SceneSystem_002" at 0x7FFC4179B490 (scenesystem.dll + 0x8DB490)
13:12:45 [DEBUG] (1) cs2_sdk::analysis::interfaces: found "RenderingPipelines_001" at 0x7FFC41523BA0 (scenesystem.dll + 0x663BA0)
13:12:45 [DEBUG] (1) cs2_sdk::analysis::interfaces: found "ParticleSystemMgr003" at 0x7FFC40C2A3C0 (particles.dll + 0x54A3C0)
13:12:45 [DEBUG] (1) cs2_sdk::analysis::interfaces: found "PanoramaUIClient001" at 0x7FFC45DC6420 (panoramauiclient.dll + 0x296420)
13:12:45 [DEBUG] (1) cs2_sdk::analysis::interfaces: found "PanoramaUIEngine001" at 0x7FFC3E126D30 (panorama.dll + 0x506D30)
13:12:45 [DEBUG] (1) cs2_sdk::analysis::interfaces: found "PanoramaTextServices001" at 0x7FFC3D3A8A40 (panorama_text_pango.dll + 0x2B8A40)
13:12:45 [DEBUG] (1) cs2_sdk::analysis::interfaces: found "Source2V8System001" at 0x7FFCB4301730 (v8system.dll + 0x31730)
13:12:45 [DEBUG] (1) cs2_sdk::analysis::interfaces: found "NavGameTest001" at 0x7FFC2F25C1D0 (server.dll + 0x1C9C1D0)
13:12:45 [DEBUG] (1) cs2_sdk::analysis::interfaces: found "ServerToolsInfo_001" at 0x7FFC2F2091B8 (server.dll + 0x1C491B8)
13:12:45 [DEBUG] (1) cs2_sdk::analysis::interfaces: found "Source2GameClients001" at 0x7FFC2F207C10 (server.dll + 0x1C47C10)
13:12:45 [DEBUG] (1) cs2_sdk::analysis::interfaces: found "Source2GameEntities001" at 0x7FFC2F2088C0 (server.dll + 0x1C488C0)
13:12:45 [DEBUG] (1) cs2_sdk::analysis::interfaces: found "Source2Server001" at 0x7FFC2F208710 (server.dll + 0x1C48710)
13:12:45 [DEBUG] (1) cs2_sdk::analysis::interfaces: found "EmptyWorldService001_Server" at 0x7FFC2F1AFD30 (server.dll + 0x1BEFD30)
13:12:45 [DEBUG] (1) cs2_sdk::analysis::interfaces: found "Source2ServerConfig001" at 0x7FFC2F4BEA98 (server.dll + 0x1EFEA98)
13:12:45 [DEBUG] (1) cs2_sdk::analysis::interfaces: found "EntitySubclassUtilsV001" at 0x7FFC2F15B3B0 (server.dll + 0x1B9B3B0)
13:12:45 [DEBUG] (1) cs2_sdk::analysis::interfaces: found "customnavsystem001" at 0x7FFC2F13C698 (server.dll + 0x1B7C698)
13:12:45 [DEBUG] (1) cs2_sdk::analysis::interfaces: found "Source2GameDirector001" at 0x7FFC2F3A17F0 (server.dll + 0x1DE17F0)
13:12:45 [DEBUG] (1) cs2_sdk::analysis::interfaces: found "LegacyGameUI001" at 0x7FFC2CA685E0 (client.dll + 0x20685E0)
13:12:45 [DEBUG] (1) cs2_sdk::analysis::interfaces: found "Source2ClientUI001" at 0x7FFC2CA66B40 (client.dll + 0x2066B40)
13:12:45 [DEBUG] (1) cs2_sdk::analysis::interfaces: found "Source2ClientPrediction001" at 0x7FFC2CA57630 (client.dll + 0x2057630)
13:12:45 [DEBUG] (1) cs2_sdk::analysis::interfaces: found "ClientToolsInfo_001" at 0x7FFC2CA501C0 (client.dll + 0x20501C0)
13:12:45 [DEBUG] (1) cs2_sdk::analysis::interfaces: found "Source2Client002" at 0x7FFC2CD26F90 (client.dll + 0x2326F90)
13:12:45 [DEBUG] (1) cs2_sdk::analysis::interfaces: found "GameClientExports001" at 0x7FFC2CA4CE60 (client.dll + 0x204CE60)
13:12:45 [DEBUG] (1) cs2_sdk::analysis::interfaces: found "EmptyWorldService001_Client" at 0x7FFC2CA13A90 (client.dll + 0x2013A90)
13:12:45 [DEBUG] (1) cs2_sdk::analysis::interfaces: found "Source2ClientConfig001" at 0x7FFC2CC98FD0 (client.dll + 0x2298FD0)
13:12:45 [DEBUG] (1) cs2_sdk::analysis::interfaces: found "Source2Host001" at 0x7FFC497093C0 (host.dll + 0x1393C0)
13:12:45 [DEBUG] (1) cs2_sdk::analysis::interfaces: found "SinglePlayerSharedMemory001" at 0x7FFC49709350 (host.dll + 0x139350)
13:12:45 [DEBUG] (1) cs2_sdk::analysis::interfaces: found "SaveRestoreDataVersion001" at 0x7FFC49709320 (host.dll + 0x139320)
13:12:45 [DEBUG] (1) cs2_sdk::analysis::interfaces: found "PredictionDiffManager001" at 0x7FFC497091F0 (host.dll + 0x1391F0)
13:12:45 [DEBUG] (1) cs2_sdk::analysis::interfaces: found "HostUtils001" at 0x7FFC49718AB0 (host.dll + 0x148AB0)
13:12:45 [DEBUG] (1) cs2_sdk::analysis::interfaces: found "GameSystem2HostHook" at 0x7FFC497090E0 (host.dll + 0x1390E0)
13:12:45 [DEBUG] (1) cs2_sdk::analysis::interfaces: found "GameModelInfo001" at 0x7FFC497090A0 (host.dll + 0x1390A0)
13:12:45 [DEBUG] (1) cs2_sdk::analysis::interfaces: found "DebugDrawQueueManager001" at 0x7FFC49709060 (host.dll + 0x139060)
13:12:45 [DEBUG] (1) cs2_sdk::analysis::interfaces: found "SceneFileCache002" at 0x7FFC43C95A78 (scenefilecache.dll + 0xF5A78)
13:12:45 [DEBUG] (1) cs2_sdk::analysis::interfaces: found "ResponseRulesCache001" at 0x7FFC43C958F0 (scenefilecache.dll + 0xF58F0)
13:12:45 [DEBUG] (1) cs2_sdk::analysis::interfaces: found "GameTypes001" at 0x7FFC300C0F80 (matchmaking.dll + 0x1B0F80)
13:12:45 [DEBUG] (1) cs2_sdk::analysis::interfaces: found "MATCHFRAMEWORK_001" at 0x7FFC300C9060 (matchmaking.dll + 0x1B9060)
13:12:45 [DEBUG] (1) cs2_sdk::analysis::interfaces: found "NavSystem001" at 0x7FFC429D2930 (navsystem.dll + 0x122930)
13:12:45 [INFO] found 132 interfaces across 34 modules
13:12:46 [DEBUG] (1) cs2_sdk::analysis::offsets::client: found "dwCSGOInput" at 0x7FFC2CD40E00 (client.dll + 0x2340E00)
13:12:46 [DEBUG] (1) cs2_sdk::analysis::offsets::client: found "dwEntityList" at 0x7FFC2CED1DF0 (client.dll + 0x24D1DF0)
13:12:46 [DEBUG] (1) cs2_sdk::analysis::offsets::client: found "dwGameEntitySystem" at 0x7FFC2CED1DF0 (client.dll + 0x24D1DF0)
13:12:46 [DEBUG] (1) cs2_sdk::analysis::offsets::client: found "dwGameEntitySystem_highestEntityIndex" at 0x7FFC2AA02090 (client.dll + 0x2090)
13:12:46 [DEBUG] (1) cs2_sdk::analysis::offsets::client: found "dwGameRules" at 0x7FFC2C3F0A48 (client.dll + 0x19F0A48)
13:12:46 [DEBUG] (1) cs2_sdk::analysis::offsets::client: found "dwGlobalVars" at 0x7FFC2CA4C5D8 (client.dll + 0x204C5D8)
13:12:46 [DEBUG] (1) cs2_sdk::analysis::offsets::client: found "dwGlowManager" at 0x7FFC2CD28DB0 (client.dll + 0x2328DB0)
13:12:46 [DEBUG] (1) cs2_sdk::analysis::offsets::client: found "dwLocalPlayerController" at 0x7FFC2CD0B5D0 (client.dll + 0x230B5D0)
13:12:46 [DEBUG] (1) cs2_sdk::analysis::offsets::client: found "dwLocalPlayerPawn" at 0x7FFC2CA57720 (client.dll + 0x2057720)
13:12:46 [DEBUG] (1) cs2_sdk::analysis::offsets::client: found "dwPlantedC4" at 0x7FFC2CD39AC8 (client.dll + 0x2339AC8)
13:12:46 [DEBUG] (1) cs2_sdk::analysis::offsets::client: found "dwPrediction" at 0x7FFC2CA57630 (client.dll + 0x2057630)
13:12:46 [DEBUG] (1) cs2_sdk::analysis::offsets::client: found "dwSensitivity" at 0x7FFC2CD298C8 (client.dll + 0x23298C8)
13:12:46 [DEBUG] (1) cs2_sdk::analysis::offsets::client: found "dwSensitivity_sensitivity" at 0x7FFC2AA00058 (client.dll + 0x58)
13:12:46 [DEBUG] (1) cs2_sdk::analysis::offsets::client: found "dwViewAngles" at 0x7FFC2CD41488 (client.dll + 0x2341488)
13:12:46 [DEBUG] (1) cs2_sdk::analysis::offsets::client: found "dwViewMatrix" at 0x7FFC2CD31B30 (client.dll + 0x2331B30)
13:12:46 [DEBUG] (1) cs2_sdk::analysis::offsets::client: found "dwViewRender" at 0x7FFC2CD30D38 (client.dll + 0x2330D38)
13:12:46 [DEBUG] (1) cs2_sdk::analysis::offsets::client: found "dwWeaponC4" at 0x7FFC2CCA9D58 (client.dll + 0x22A9D58)
13:12:46 [DEBUG] (1) cs2_sdk::analysis::offsets::engine2: found "dwBuildNumber" at 0x7FFC4E76CC74 (engine2.dll + 0x60CC74)
13:12:46 [DEBUG] (1) cs2_sdk::analysis::offsets::engine2: found "dwNetworkGameClient" at 0x7FFC4EA6A0C0 (engine2.dll + 0x90A0C0)
13:12:46 [DEBUG] (1) cs2_sdk::analysis::offsets::engine2: found "dwNetworkGameClient_clientTickCount" at 0x7FFC4E160378 (engine2.dll + 0x378)
13:12:46 [DEBUG] (1) cs2_sdk::analysis::offsets::engine2: found "dwNetworkGameClient_deltaTick" at 0x7FFC4E16024C (engine2.dll + 0x24C)
13:12:46 [DEBUG] (1) cs2_sdk::analysis::offsets::engine2: found "dwNetworkGameClient_isBackgroundMap" at 0x7FFC4E42141F (engine2.dll + 0x2C141F)
13:12:46 [DEBUG] (1) cs2_sdk::analysis::offsets::engine2: found "dwNetworkGameClient_localPlayer" at 0x7FFC4E1600F8 (engine2.dll + 0xF8)
13:12:46 [DEBUG] (1) cs2_sdk::analysis::offsets::engine2: found "dwNetworkGameClient_maxClients" at 0x7FFC4E160240 (engine2.dll + 0x240)
13:12:46 [DEBUG] (1) cs2_sdk::analysis::offsets::engine2: found "dwNetworkGameClient_serverTickCount" at 0x7FFC4E16024C (engine2.dll + 0x24C)
13:12:46 [DEBUG] (1) cs2_sdk::analysis::offsets::engine2: found "dwNetworkGameClient_signOnState" at 0x7FFC4E160230 (engine2.dll + 0x230)
13:12:46 [DEBUG] (1) cs2_sdk::analysis::offsets::engine2: found "dwWindowHeight" at 0x7FFC4EA6E4EC (engine2.dll + 0x90E4EC)
13:12:46 [DEBUG] (1) cs2_sdk::analysis::offsets::engine2: found "dwWindowWidth" at 0x7FFC4EA6E4E8 (engine2.dll + 0x90E4E8)
13:12:46 [DEBUG] (1) cs2_sdk::analysis::offsets::input_system: found "dwInputSystem" at 0x7FFCB3B92B50 (input_system.dll + 0x42B50)
13:12:46 [DEBUG] (1) cs2_sdk::analysis::offsets::matchmaking: found "dwGameTypes" at 0x7FFC300C0F80 (matchmaking.dll + 0x1B0F80)
13:12:46 [DEBUG] (1) cs2_sdk::analysis::offsets::soundsystem: found "dwSoundSystem" at 0x7FFC46322360 (soundsystem.dll + 0x512360)
13:12:46 [DEBUG] (1) cs2_sdk::analysis::offsets::soundsystem: found "dwSoundSystem_engineViewData" at 0x7FFC45E1007C (soundsystem.dll + 0x7C)
13:12:46 [INFO] found 32 offsets across 5 modules
13:12:46 [DEBUG] (1) cs2_sdk::analysis::schemas: module "schemasystem.dll" contains 7 class(es) and 2 enum(s)
13:12:46 [DEBUG] (1) cs2_sdk::analysis::schemas: module "resourcesystem.dll" contains 58 class(es) and 2 enum(s)
13:12:46 [DEBUG] (1) cs2_sdk::analysis::schemas: module "rendersystemdx11.dll" contains 8 class(es) and 8 enum(s)
13:12:46 [DEBUG] (1) cs2_sdk::analysis::schemas: module "engine2.dll" contains 56 class(es) and 2 enum(s)
13:12:46 [DEBUG] (1) cs2_sdk::analysis::schemas: module "materialsystem2.dll" contains 14 class(es) and 5 enum(s)
13:12:46 [DEBUG] (1) cs2_sdk::analysis::schemas: module "networksystem.dll" contains 1 class(es) and 0 enum(s)
13:12:46 [DEBUG] (1) cs2_sdk::analysis::schemas: module "animationsystem.dll" contains 695 class(es) and 148 enum(s)
13:12:46 [DEBUG] (1) cs2_sdk::analysis::schemas: module "vphysics2.dll" contains 110 class(es) and 5 enum(s)
13:12:46 [DEBUG] (1) cs2_sdk::analysis::schemas: module "soundsystem.dll" contains 136 class(es) and 26 enum(s)
13:12:46 [DEBUG] (1) cs2_sdk::analysis::schemas: module "steamaudio.dll" contains 17 class(es) and 0 enum(s)
13:12:46 [DEBUG] (1) cs2_sdk::analysis::schemas: module "scenesystem.dll" contains 9 class(es) and 5 enum(s)
13:12:46 [DEBUG] (1) cs2_sdk::analysis::schemas: module "worldrenderer.dll" contains 32 class(es) and 3 enum(s)
13:12:46 [DEBUG] (1) cs2_sdk::analysis::schemas: module "pulse_system.dll" contains 99 class(es) and 5 enum(s)
13:12:46 [DEBUG] (1) cs2_sdk::analysis::schemas: module "particles.dll" contains 501 class(es) and 76 enum(s)
13:12:46 [DEBUG] (1) cs2_sdk::analysis::schemas: module "panorama.dll" contains 0 class(es) and 2 enum(s)
13:12:46 [DEBUG] (1) cs2_sdk::analysis::schemas: module "server.dll" contains 944 class(es) and 179 enum(s)
13:12:46 [DEBUG] (1) cs2_sdk::analysis::schemas: module "client.dll" contains 535 class(es) and 12 enum(s)
13:12:46 [DEBUG] (1) cs2_sdk::analysis::schemas: module "host.dll" contains 2 class(es) and 0 enum(s)
13:12:46 [INFO] found 3224 classes and 480 enums across 18 modules
13:12:46 [INFO] scanning client.dll for skinchanger patterns
13:12:46 [INFO] found EquipItemInLoadout: 0x7C2150
13:12:46 [INFO] found SetMeshGroupMask: 0xA2DB50
13:12:46 [INFO] found GetItemInLoadout: 0x7C3D70
13:12:46 [INFO] found SetModel: 0x8DB1C0
13:12:46 [INFO] found RegenerateWeaponSkin: 0x78C2A0
13:12:46 [INFO] found CreateSOSubclassEconItem: 0xFF7770
13:12:46 [INFO] scanning materialsystem2.dll for material patterns
13:12:46 [INFO] found FindParameter: 0x11E30
13:12:46 [INFO] found PrepareSceneMaterial: 0x11BE0
13:12:46 [INFO] found UpdateParameter: 0x12370
13:12:46 [INFO] skinchanger analysis complete: found 9 patterns across 2 modules
13:12:46 [INFO] found 9 skinchanger patterns across 2 modules
13:12:46 [DEBUG] (1) cs2_sdk::analysis::vtables: animationsystem.dll::AnimationSystemUtils_001 vtable @ animationsystem.dll+0x6EB6B0 (3 methods, rtti=Some("CAnimationSystemUtils"))
13:12:46 [DEBUG] (1) cs2_sdk::analysis::vtables: animationsystem.dll::AnimationSystem_001 vtable @ animationsystem.dll+0x6EB8D8 (216 methods, rtti=Some("CAnimationSystem"))
13:12:46 [DEBUG] (1) cs2_sdk::analysis::vtables: client.dll::ClientToolsInfo_001 vtable @ client.dll+0x1A9E9B8 (11 methods, rtti=Some("CClientToolsInfo"))
13:12:46 [DEBUG] (1) cs2_sdk::analysis::vtables: client.dll::EmptyWorldService001_Client vtable @ client.dll+0x19FDA40 (23 methods, rtti=Some("CEmptyWorldService"))
13:12:46 [DEBUG] (1) cs2_sdk::analysis::vtables: client.dll::GameClientExports001 vtable @ client.dll+0x1A9F260 (19 methods, rtti=Some("CGameClientExports"))
13:12:46 [DEBUG] (1) cs2_sdk::analysis::vtables: client.dll::LegacyGameUI001 vtable @ client.dll+0x1AEB458 (37 methods, rtti=Some("CLegacyGameUI"))
13:12:46 [DEBUG] (1) cs2_sdk::analysis::vtables: client.dll::Source2Client002 vtable @ client.dll+0x1AA1B88 (231 methods, rtti=Some("CSource2Client"))
13:12:46 [DEBUG] (1) cs2_sdk::analysis::vtables: client.dll::Source2ClientConfig001 vtable @ client.dll+0x19EC198 (34 methods, rtti=Some("CCSGameConfiguration"))
13:12:46 [DEBUG] (1) cs2_sdk::analysis::vtables: client.dll::Source2ClientPrediction001 vtable @ client.dll+0x1AB0080 (34 methods, rtti=Some("CPrediction"))
13:12:46 [DEBUG] (1) cs2_sdk::analysis::vtables: client.dll::Source2ClientUI001 vtable @ client.dll+0x1ADFC90 (29 methods, rtti=Some("CCsgoClientUI"))
13:12:46 [DEBUG] (1) cs2_sdk::analysis::vtables: engine2.dll::BenchmarkService001 vtable @ engine2.dll+0x56B158 (118 methods, rtti=Some("CBenchmarkService"))
13:12:46 [DEBUG] (1) cs2_sdk::analysis::vtables: engine2.dll::BugService001 vtable @ engine2.dll+0x56B450 (23 methods, rtti=Some("CBugService"))
13:12:46 [DEBUG] (1) cs2_sdk::analysis::vtables: engine2.dll::ClientServerEngineLoopService_001 vtable @ engine2.dll+0x580048 (32 methods, rtti=Some("CLoopTypeClientServerService"))
13:12:46 [DEBUG] (1) cs2_sdk::analysis::vtables: engine2.dll::ClientServerSharedHandleSystem001 vtable @ engine2.dll+0x577790 (14 methods, rtti=Some("CClientServerSharedHandleSystem"))
13:12:46 [DEBUG] (1) cs2_sdk::analysis::vtables: engine2.dll::EngineGameUI001 vtable @ engine2.dll+0x553690 (31 methods, rtti=Some("CEngineGameUI"))
13:12:46 [DEBUG] (1) cs2_sdk::analysis::vtables: engine2.dll::EngineServiceMgr001 vtable @ engine2.dll+0x57CAD0 (64 methods, rtti=Some("CEngineServiceMgr"))
13:12:46 [DEBUG] (1) cs2_sdk::analysis::vtables: engine2.dll::GameEventSystemClientV001 vtable @ engine2.dll+0x57CF78 (95 methods, rtti=Some("CGameEventSystem"))
13:12:46 [DEBUG] (1) cs2_sdk::analysis::vtables: engine2.dll::GameEventSystemServerV001 vtable @ engine2.dll+0x57CF78 (95 methods, rtti=Some("CGameEventSystem"))
13:12:46 [DEBUG] (1) cs2_sdk::analysis::vtables: engine2.dll::GameResourceServiceClientV001 vtable @ engine2.dll+0x56C608 (89 methods, rtti=Some("CGameResourceService"))
13:12:46 [DEBUG] (1) cs2_sdk::analysis::vtables: engine2.dll::GameResourceServiceServerV001 vtable @ engine2.dll+0x56C608 (89 methods, rtti=Some("CGameResourceService"))
13:12:46 [DEBUG] (1) cs2_sdk::analysis::vtables: engine2.dll::GameUIService_001 vtable @ engine2.dll+0x56D1D8 (45 methods, rtti=Some("CGameUIService"))
13:12:46 [DEBUG] (1) cs2_sdk::analysis::vtables: engine2.dll::HostStateMgr001 vtable @ engine2.dll+0x57DF98 (25 methods, rtti=Some("CHostStateMgr"))
13:12:46 [DEBUG] (1) cs2_sdk::analysis::vtables: engine2.dll::INETSUPPORT_001 vtable @ engine2.dll+0x54A068 (140 methods, rtti=Some("CNetSupportImpl"))
13:12:46 [DEBUG] (1) cs2_sdk::analysis::vtables: engine2.dll::InputService_001 vtable @ engine2.dll+0x56FBD0 (64 methods, rtti=Some("CInputService"))
13:12:46 [DEBUG] (1) cs2_sdk::analysis::vtables: engine2.dll::KeyValueCache001 vtable @ engine2.dll+0x57E080 (17 methods, rtti=Some("CKeyValueCache"))
13:12:46 [DEBUG] (1) cs2_sdk::analysis::vtables: engine2.dll::MapListService_001 vtable @ engine2.dll+0x5705F0 (26 methods, rtti=Some("CMapListService"))
13:12:46 [DEBUG] (1) cs2_sdk::analysis::vtables: engine2.dll::NetworkClientService_001 vtable @ engine2.dll+0x5718D0 (64 methods, rtti=Some("CNetworkClientService"))
13:12:46 [DEBUG] (1) cs2_sdk::analysis::vtables: engine2.dll::NetworkP2PService_001 vtable @ engine2.dll+0x572658 (100 methods, rtti=Some("CNetworkP2PService"))
13:12:46 [DEBUG] (1) cs2_sdk::analysis::vtables: engine2.dll::NetworkServerService_001 vtable @ engine2.dll+0x572A38 (70 methods, rtti=Some("CNetworkServerService"))
13:12:46 [DEBUG] (1) cs2_sdk::analysis::vtables: engine2.dll::NetworkService_001 vtable @ engine2.dll+0x573788 (24 methods, rtti=Some("CNetworkService"))
13:12:46 [DEBUG] (1) cs2_sdk::analysis::vtables: engine2.dll::RenderService_001 vtable @ engine2.dll+0x574048 (44 methods, rtti=Some("CRenderService"))
13:12:46 [DEBUG] (1) cs2_sdk::analysis::vtables: engine2.dll::ScreenshotService001 vtable @ engine2.dll+0x5742E8 (36 methods, rtti=Some("CScreenshotService"))
13:12:46 [DEBUG] (1) cs2_sdk::analysis::vtables: engine2.dll::SimpleEngineLoopService_001 vtable @ engine2.dll+0x5801C0 (27 methods, rtti=Some("CLoopTypeSimpleService"))
13:12:46 [DEBUG] (1) cs2_sdk::analysis::vtables: engine2.dll::SoundService_001 vtable @ engine2.dll+0x5753A8 (37 methods, rtti=Some("CSoundService"))
13:12:46 [DEBUG] (1) cs2_sdk::analysis::vtables: engine2.dll::Source2EngineToClient001 vtable @ engine2.dll+0x534A60 (191 methods, rtti=Some("CEngineClient"))
13:12:46 [DEBUG] (1) cs2_sdk::analysis::vtables: engine2.dll::Source2EngineToClientStringTable001 vtable @ engine2.dll+0x54A1E0 (93 methods, rtti=Some("CNetworkStringTableContainer"))
13:12:46 [DEBUG] (1) cs2_sdk::analysis::vtables: engine2.dll::Source2EngineToServer001 vtable @ engine2.dll+0x53BCD0 (164 methods, rtti=Some("CEngineServer"))
13:12:46 [DEBUG] (1) cs2_sdk::analysis::vtables: engine2.dll::Source2EngineToServerStringTable001 vtable @ engine2.dll+0x54A1E0 (93 methods, rtti=Some("CNetworkStringTableContainer"))
13:12:46 [DEBUG] (1) cs2_sdk::analysis::vtables: engine2.dll::SplitScreenService_001 vtable @ engine2.dll+0x575F08 (48 methods, rtti=Some("CSplitScreenService"))
13:12:46 [DEBUG] (1) cs2_sdk::analysis::vtables: engine2.dll::StatsService_001 vtable @ engine2.dll+0x576740 (34 methods, rtti=Some("CStatsService"))
13:12:46 [DEBUG] (1) cs2_sdk::analysis::vtables: engine2.dll::ToolService_001 vtable @ engine2.dll+0x576BF8 (91 methods, rtti=Some("CToolService"))
13:12:46 [DEBUG] (1) cs2_sdk::analysis::vtables: engine2.dll::VENGINE_GAMEUIFUNCS_VERSION005 vtable @ engine2.dll+0x5537B0 (17 methods, rtti=Some("CGameUIFuncs"))
13:12:46 [DEBUG] (1) cs2_sdk::analysis::vtables: engine2.dll::VProfService_001 vtable @ engine2.dll+0x577460 (25 methods, rtti=Some("CVProfService"))
13:12:46 [DEBUG] (1) cs2_sdk::analysis::vtables: filesystem_stdio.dll::VAsyncFileSystem2_001 vtable @ filesystem_stdio.dll+0x1AEDF8 (25 methods, rtti=Some("CAsyncFileSystem2"))
13:12:46 [DEBUG] (1) cs2_sdk::analysis::vtables: filesystem_stdio.dll::VFileSystem017 vtable @ filesystem_stdio.dll+0x1B0EC8 (141 methods, rtti=Some("CFileSystem_Stdio"))
13:12:46 [DEBUG] (1) cs2_sdk::analysis::vtables: host.dll::DebugDrawQueueManager001 vtable @ host.dll+0x116B68 (14 methods, rtti=Some("CDebugDrawQueueMgr"))
13:12:46 [DEBUG] (1) cs2_sdk::analysis::vtables: host.dll::GameModelInfo001 vtable @ host.dll+0x116C38 (17 methods, rtti=Some("CGameModelInfo"))
13:12:46 [DEBUG] (1) cs2_sdk::analysis::vtables: host.dll::GameSystem2HostHook vtable @ host.dll+0x116D80 (15 methods, rtti=Some("CGameSystem2HostHook"))
13:12:46 [DEBUG] (1) cs2_sdk::analysis::vtables: host.dll::HostUtils001 vtable @ host.dll+0x116F60 (22 methods, rtti=Some("CHostUtils"))
13:12:46 [DEBUG] (1) cs2_sdk::analysis::vtables: host.dll::PredictionDiffManager001 vtable @ host.dll+0x117C38 (15 methods, rtti=Some("CPredictionDiffMgr"))
13:12:46 [DEBUG] (1) cs2_sdk::analysis::vtables: host.dll::SaveRestoreDataVersion001 vtable @ host.dll+0x117CD8 (29 methods, rtti=Some("CSaveRestoreDataMgr"))
13:12:46 [DEBUG] (1) cs2_sdk::analysis::vtables: host.dll::SinglePlayerSharedMemory001 vtable @ host.dll+0x117E50 (12 methods, rtti=Some("CSPSharedMemoryManager"))
13:12:46 [DEBUG] (1) cs2_sdk::analysis::vtables: host.dll::Source2Host001 vtable @ host.dll+0x117F60 (16 methods, rtti=Some("CSource2HostBase"))
13:12:46 [DEBUG] (1) cs2_sdk::analysis::vtables: imemanager.dll::IMEManager001 vtable @ imemanager.dll+0x2F610 (23 methods, rtti=Some("CIMEManager"))
13:12:46 [DEBUG] (1) cs2_sdk::analysis::vtables: inputsystem.dll::InputStackSystemVersion001 vtable @ inputsystem.dll+0x33870 (30 methods, rtti=Some("CInputStackSystem"))
13:12:46 [DEBUG] (1) cs2_sdk::analysis::vtables: inputsystem.dll::InputSystemVersion001 vtable @ inputsystem.dll+0x35350 (107 methods, rtti=Some("CInputSystem"))
13:12:46 [DEBUG] (1) cs2_sdk::analysis::vtables: localize.dll::Localize_001 vtable @ localize.dll+0x56808 (117 methods, rtti=Some("CLocalize"))
13:12:46 [DEBUG] (1) cs2_sdk::analysis::vtables: matchmaking.dll::GameTypes001 vtable @ matchmaking.dll+0x183350 (76 methods, rtti=Some("GameTypes"))
13:12:46 [DEBUG] (1) cs2_sdk::analysis::vtables: matchmaking.dll::MATCHFRAMEWORK_001 vtable @ matchmaking.dll+0x160550 (30 methods, rtti=Some("CMatchFramework"))
13:12:46 [DEBUG] (1) cs2_sdk::analysis::vtables: materialsystem2.dll::FontManager_001 vtable @ materialsystem2.dll+0x127998 (44 methods, rtti=Some("CFontManager"))
13:12:46 [DEBUG] (1) cs2_sdk::analysis::vtables: materialsystem2.dll::MaterialUtils_001 vtable @ materialsystem2.dll+0x129010 (80 methods, rtti=Some("CMaterialSystem2Utils"))
13:12:46 [DEBUG] (1) cs2_sdk::analysis::vtables: materialsystem2.dll::PostProcessingSystem_001 vtable @ materialsystem2.dll+0x128840 (22 methods, rtti=Some("CPostProcessingSystem"))
13:12:46 [DEBUG] (1) cs2_sdk::analysis::vtables: materialsystem2.dll::TextLayout_001 vtable @ materialsystem2.dll+0x128E70 (132 methods, rtti=Some("CTextLayout"))
13:12:46 [DEBUG] (1) cs2_sdk::analysis::vtables: materialsystem2.dll::VMaterialSystem2_001 vtable @ materialsystem2.dll+0x126E50 (57 methods, rtti=Some("CMaterialSystem2"))
13:12:46 [DEBUG] (1) cs2_sdk::analysis::vtables: meshsystem.dll::MeshSystem001 vtable @ meshsystem.dll+0x1283A0 (47 methods, rtti=Some("CMeshSystem"))
13:12:46 [DEBUG] (1) cs2_sdk::analysis::vtables: navsystem.dll::NavSystem001 vtable @ navsystem.dll+0x108210 (13 methods, rtti=Some("CNavSystem"))
13:12:46 [DEBUG] (1) cs2_sdk::analysis::vtables: networksystem.dll::FlattenedSerializersVersion001 vtable @ networksystem.dll+0x229098 (92 methods, rtti=Some("CFlattenedSerializers"))
13:12:46 [DEBUG] (1) cs2_sdk::analysis::vtables: networksystem.dll::NetworkMessagesVersion001 vtable @ networksystem.dll+0x22D9E8 (87 methods, rtti=Some("CNetworkMessages"))
13:12:46 [DEBUG] (1) cs2_sdk::analysis::vtables: networksystem.dll::NetworkSystemVersion001 vtable @ networksystem.dll+0x230288 (62 methods, rtti=Some("CNetworkSystem"))
13:12:46 [DEBUG] (1) cs2_sdk::analysis::vtables: networksystem.dll::SerializedEntitiesVersion001 vtable @ networksystem.dll+0x234188 (25 methods, rtti=Some("CSerializedEntities"))
13:12:46 [DEBUG] (1) cs2_sdk::analysis::vtables: panorama.dll::PanoramaUIEngine001 vtable @ panorama.dll+0x443D70 (18 methods, rtti=Some("CPanoramaUIEngine"))
13:12:46 [DEBUG] (1) cs2_sdk::analysis::vtables: panorama_text_pango.dll::PanoramaTextServices001 vtable @ panorama_text_pango.dll+0x24DCC8 (47 methods, rtti=Some("panorama::CUITextServicesPango"))
13:12:46 [DEBUG] (1) cs2_sdk::analysis::vtables: panoramauiclient.dll::PanoramaUIClient001 vtable @ panoramauiclient.dll+0x25A2C8 (35 methods, rtti=Some("CPanoramaUIClient"))
13:12:46 [DEBUG] (1) cs2_sdk::analysis::vtables: particles.dll::ParticleSystemMgr003 vtable @ particles.dll+0x4543D8 (63 methods, rtti=Some("CParticleSystemMgr"))
13:12:46 [DEBUG] (1) cs2_sdk::analysis::vtables: pulse_system.dll::IPulseSystem_001 vtable @ pulse_system.dll+0x166C68 (76 methods, rtti=Some("CPulseSystem"))
13:12:46 [DEBUG] (1) cs2_sdk::analysis::vtables: rendersystemdx11.dll::RenderDeviceMgr001 vtable @ rendersystemdx11.dll+0x3ED678 (42 methods, rtti=Some("CRenderDeviceMgrDx11"))
13:12:46 [DEBUG] (1) cs2_sdk::analysis::vtables: rendersystemdx11.dll::RenderUtils_001 vtable @ rendersystemdx11.dll+0x3EEE68 (17 methods, rtti=Some("CRenderUtils"))
13:12:46 [DEBUG] (1) cs2_sdk::analysis::vtables: rendersystemdx11.dll::VRenderDeviceMgrBackdoor001 vtable @ rendersystemdx11.dll+0x3ED660 (45 methods, rtti=Some("CRenderDeviceMgrDx11"))
13:12:46 [DEBUG] (1) cs2_sdk::analysis::vtables: resourcesystem.dll::ResourceSystem013 vtable @ resourcesystem.dll+0x60E88 (117 methods, rtti=Some("CResourceSystem"))
13:12:46 [DEBUG] (1) cs2_sdk::analysis::vtables: scenefilecache.dll::ResponseRulesCache001 vtable @ scenefilecache.dll+0xD25F8 (19 methods, rtti=Some("CResponseRulesFileCache"))
13:12:46 [DEBUG] (1) cs2_sdk::analysis::vtables: scenefilecache.dll::SceneFileCache002 vtable @ scenefilecache.dll+0xD2B58 (14 methods, rtti=Some("CSceneFileCache"))
13:12:46 [DEBUG] (1) cs2_sdk::analysis::vtables: scenesystem.dll::RenderingPipelines_001 vtable @ scenesystem.dll+0x5DACB8 (11 methods, rtti=Some("CRenderingPipelines"))
13:12:46 [DEBUG] (1) cs2_sdk::analysis::vtables: scenesystem.dll::SceneSystem_002 vtable @ scenesystem.dll+0x5E22A0 (195 methods, rtti=Some("CSceneSystem"))
13:12:46 [DEBUG] (1) cs2_sdk::analysis::vtables: scenesystem.dll::SceneUtils_001 vtable @ scenesystem.dll+0x5EAA90 (83 methods, rtti=Some("CSceneUtils"))
13:12:46 [DEBUG] (1) cs2_sdk::analysis::vtables: schemasystem.dll::SchemaSystem_001 vtable @ schemasystem.dll+0x54B20 (222 methods, rtti=Some("CSchemaSystem"))
13:12:46 [DEBUG] (1) cs2_sdk::analysis::vtables: server.dll::EmptyWorldService001_Server vtable @ server.dll+0x16D9CA8 (23 methods, rtti=Some("CEmptyWorldService"))
13:12:46 [DEBUG] (1) cs2_sdk::analysis::vtables: server.dll::EntitySubclassUtilsV001 vtable @ server.dll+0x16189E0 (89 methods, rtti=Some("CServerEntitySubclassUtils"))
13:12:46 [DEBUG] (1) cs2_sdk::analysis::vtables: server.dll::NavGameTest001 vtable @ server.dll+0x181A388 (12 methods, rtti=Some("CNavGameTest"))
13:12:46 [DEBUG] (1) cs2_sdk::analysis::vtables: server.dll::ServerToolsInfo_001 vtable @ server.dll+0x1791488 (12 methods, rtti=Some("CServerToolsInfo"))
13:12:46 [DEBUG] (1) cs2_sdk::analysis::vtables: server.dll::Source2GameClients001 vtable @ server.dll+0x1791DE8 (256 methods, rtti=Some("CSource2GameClients"))
13:12:46 [DEBUG] (1) cs2_sdk::analysis::vtables: server.dll::Source2GameDirector001 vtable @ server.dll+0x15AA720 (19 methods, rtti=Some("CCSHLTVDirector"))
13:12:46 [DEBUG] (1) cs2_sdk::analysis::vtables: server.dll::Source2GameEntities001 vtable @ server.dll+0x17904B8 (23 methods, rtti=Some("CSource2GameEntities"))
13:12:46 [DEBUG] (1) cs2_sdk::analysis::vtables: server.dll::Source2Server001 vtable @ server.dll+0x17905F0 (100 methods, rtti=Some("CSource2Server"))
13:12:46 [DEBUG] (1) cs2_sdk::analysis::vtables: server.dll::Source2ServerConfig001 vtable @ server.dll+0x16C4470 (29 methods, rtti=Some("CCSGameConfiguration"))
13:12:46 [DEBUG] (1) cs2_sdk::analysis::vtables: server.dll::customnavsystem001 vtable @ server.dll+0x15E3EA8 (14 methods, rtti=Some("CCustomNavGenSystem"))
13:12:46 [DEBUG] (1) cs2_sdk::analysis::vtables: soundsystem.dll::SoundOpSystem001 vtable @ soundsystem.dll+0x498BF8 (132 methods, rtti=Some("CSoundOpSystem"))
13:12:46 [DEBUG] (1) cs2_sdk::analysis::vtables: soundsystem.dll::SoundOpSystemEdit001 vtable @ soundsystem.dll+0x4845C0 (100 methods, rtti=Some("CSosEdit"))
13:12:46 [DEBUG] (1) cs2_sdk::analysis::vtables: soundsystem.dll::SoundSystem001 vtable @ soundsystem.dll+0x480390 (133 methods, rtti=Some("CSoundSystem"))
13:12:46 [DEBUG] (1) cs2_sdk::analysis::vtables: steamaudio.dll::SteamAudio001 vtable @ steamaudio.dll+0x1ED578 (99 methods, rtti=Some("CSteamAudio"))
13:12:46 [DEBUG] (1) cs2_sdk::analysis::vtables: steamclient64.dll::IVALIDATE001 vtable @ steamclient64.dll+0x1333A28 (1 methods, rtti=Some("CSteamClientDLLValidate"))
13:12:46 [DEBUG] (1) cs2_sdk::analysis::vtables: steamclient64.dll::SteamClient006 vtable @ steamclient64.dll+0x12E1A80 (21 methods, rtti=Some("CAdapterSteamClient006"))
13:12:46 [DEBUG] (1) cs2_sdk::analysis::vtables: steamclient64.dll::SteamClient007 vtable @ steamclient64.dll+0x12E1B90 (22 methods, rtti=Some("CAdapterSteamClient007"))
13:12:46 [DEBUG] (1) cs2_sdk::analysis::vtables: steamclient64.dll::SteamClient008 vtable @ steamclient64.dll+0x12E1C88 (21 methods, rtti=Some("CAdapterSteamClient008"))
13:12:46 [DEBUG] (1) cs2_sdk::analysis::vtables: steamclient64.dll::SteamClient009 vtable @ steamclient64.dll+0x12E1D48 (22 methods, rtti=Some("CAdapterSteamClient009"))
13:12:46 [DEBUG] (1) cs2_sdk::analysis::vtables: steamclient64.dll::SteamClient010 vtable @ steamclient64.dll+0x12E1E20 (24 methods, rtti=Some("CAdapterSteamClient010"))
13:12:46 [DEBUG] (1) cs2_sdk::analysis::vtables: steamclient64.dll::SteamClient011 vtable @ steamclient64.dll+0x12E1F00 (25 methods, rtti=Some("CAdapterSteamClient011"))
13:12:46 [DEBUG] (1) cs2_sdk::analysis::vtables: steamclient64.dll::SteamClient012 vtable @ steamclient64.dll+0x12E1FF0 (27 methods, rtti=Some("CAdapterSteamClient012"))
13:12:46 [DEBUG] (1) cs2_sdk::analysis::vtables: steamclient64.dll::SteamClient013 vtable @ steamclient64.dll+0x12E20E8 (30 methods, rtti=Some("CAdapterSteamClient013"))
13:12:46 [DEBUG] (1) cs2_sdk::analysis::vtables: steamclient64.dll::SteamClient014 vtable @ steamclient64.dll+0x12E2208 (29 methods, rtti=Some("CAdapterSteamClient014"))
13:12:46 [DEBUG] (1) cs2_sdk::analysis::vtables: steamclient64.dll::SteamClient015 vtable @ steamclient64.dll+0x12E2310 (30 methods, rtti=Some("CAdapterSteamClient015"))
13:12:46 [DEBUG] (1) cs2_sdk::analysis::vtables: steamclient64.dll::SteamClient016 vtable @ steamclient64.dll+0x12E2428 (34 methods, rtti=Some("CAdapterSteamClient016"))
13:12:46 [DEBUG] (1) cs2_sdk::analysis::vtables: steamclient64.dll::SteamClient017 vtable @ steamclient64.dll+0x12E2560 (37 methods, rtti=Some("CAdapterSteamClient017"))
13:12:46 [DEBUG] (1) cs2_sdk::analysis::vtables: steamclient64.dll::SteamClient018 vtable @ steamclient64.dll+0x12E26A0 (40 methods, rtti=Some("CAdapterSteamClient018"))
13:12:46 [DEBUG] (1) cs2_sdk::analysis::vtables: steamclient64.dll::SteamClient019 vtable @ steamclient64.dll+0x12E2810 (41 methods, rtti=Some("CAdapterSteamClient019"))
13:12:46 [DEBUG] (1) cs2_sdk::analysis::vtables: steamclient64.dll::SteamClient020 vtable @ steamclient64.dll+0x12E14B8 (42 methods, rtti=Some("CAdapterSteamClient020"))
13:12:46 [DEBUG] (1) cs2_sdk::analysis::vtables: steamclient64.dll::SteamClient021 vtable @ steamclient64.dll+0x12E1620 (40 methods, rtti=Some("CAdapterSteamClient021"))
13:12:46 [DEBUG] (1) cs2_sdk::analysis::vtables: steamclient64.dll::SteamClient022 vtable @ steamclient64.dll+0x12E1778 (39 methods, rtti=Some("CAdapterSteamClient022"))
13:12:46 [DEBUG] (1) cs2_sdk::analysis::vtables: steamclient64.dll::SteamClient023 vtable @ steamclient64.dll+0x12E18D8 (38 methods, rtti=Some("CAdapterSteamClient023"))
13:12:46 [DEBUG] (1) cs2_sdk::analysis::vtables: steamclient64.dll::p2pvoicesingleton002 vtable @ steamclient64.dll+0x1180088 (17 methods, rtti=Some("CP2PVoiceSingleton"))
13:12:46 [DEBUG] (1) cs2_sdk::analysis::vtables: tier0.dll::TestScriptMgr001 vtable @ tier0.dll+0x32CFA0 (18 methods, rtti=Some("CTestScriptMgr"))
13:12:46 [DEBUG] (1) cs2_sdk::analysis::vtables: tier0.dll::VEngineCvar007 vtable @ tier0.dll+0x3121E8 (50 methods, rtti=Some("CCvar"))
13:12:46 [DEBUG] (1) cs2_sdk::analysis::vtables: tier0.dll::VProcessUtils002 vtable @ tier0.dll+0x32B320 (59 methods, rtti=Some("CProcessUtils"))
13:12:46 [DEBUG] (1) cs2_sdk::analysis::vtables: tier0.dll::VStringTokenSystem001 vtable @ tier0.dll+0x32FD10 (13 methods, rtti=Some("CUtlStringTokenSystem"))
13:12:46 [DEBUG] (1) cs2_sdk::analysis::vtables: v8system.dll::Source2V8System001 vtable @ v8system.dll+0x2AF18 (19 methods, rtti=Some("CSource2V8System"))
13:12:46 [DEBUG] (1) cs2_sdk::analysis::vtables: vconcomm.dll::VConComm001 vtable @ vconcomm.dll+0x2D848 (50 methods, rtti=Some("CVConComm"))
13:12:46 [DEBUG] (1) cs2_sdk::analysis::vtables: vphysics2.dll::VPhysics2_Interface_001 vtable @ vphysics2.dll+0x3AD798 (169 methods, rtti=Some("CVPhysics2Interface"))
13:12:46 [DEBUG] (1) cs2_sdk::analysis::vtables: vscript.dll::VScriptManager010 vtable @ vscript.dll+0x129030 (59 methods, rtti=Some("CScriptManager"))
13:12:46 [DEBUG] (1) cs2_sdk::analysis::vtables: vstdlib_s64.dll::IVALIDATE001 vtable @ vstdlib_s64.dll+0x56840 (1 methods, rtti=Some("CVStdLibDLLValidate"))
13:12:46 [DEBUG] (1) cs2_sdk::analysis::vtables: vstdlib_s64.dll::VEngineCvar002 vtable @ vstdlib_s64.dll+0x4FE90 (13 methods, rtti=Some("CDefaultCvar"))
13:12:46 [DEBUG] (1) cs2_sdk::analysis::vtables: worldrenderer.dll::WorldRendererMgr001 vtable @ worldrenderer.dll+0x195E58 (102 methods, rtti=Some("CWorldRendererMgr"))
13:12:46 [INFO] dumped 130 interface vtables (7290 method slots, 130 class names recovered via RTTI) across 34 modules
13:13:01 [WARN] 34 signature(s) matched more than once in their .text section — consider tightening
