22:56:36 [ERROR] failed to read cs2_sdk::analysis::buttons::buttons<memflow::plugins::os::cglue_processinstance::cglue_internal::ProcessInstance<'_, cglue::boxed::CBox<'_, cglue::trait_group::c_void>, cglue::arc::CArc<cglue::trait_group::c_void>>>: oslayer: module not found
22:56:36 [INFO] found 0 buttons
22:56:36 [DEBUG] (1) cs2_sdk::analysis::interfaces: found "VStringTokenSystem001" at 0x7FFA782E00B0 (tier0.dll + 0x3D00B0)
22:56:36 [DEBUG] (1) cs2_sdk::analysis::interfaces: found "TestScriptMgr001" at 0x7FFA782AE6F0 (tier0.dll + 0x39E6F0)
22:56:36 [DEBUG] (1) cs2_sdk::analysis::interfaces: found "VProcessUtils002" at 0x7FFA782AE690 (tier0.dll + 0x39E690)
22:56:36 [DEBUG] (1) cs2_sdk::analysis::interfaces: found "VEngineCvar007" at 0x7FFA782B93B0 (tier0.dll + 0x3A93B0)
22:56:36 [DEBUG] (1) cs2_sdk::analysis::interfaces: found "SimpleEngineLoopService_001" at 0x7FFA77BC33F0 (engine2.dll + 0x6133F0)
22:56:36 [DEBUG] (1) cs2_sdk::analysis::interfaces: found "ClientServerEngineLoopService_001" at 0x7FFA77EBC0E0 (engine2.dll + 0x90C0E0)
22:56:36 [DEBUG] (1) cs2_sdk::analysis::interfaces: found "KeyValueCache001" at 0x7FFA77BC3390 (engine2.dll + 0x613390)
22:56:36 [DEBUG] (1) cs2_sdk::analysis::interfaces: found "HostStateMgr001" at 0x7FFA77BC32E0 (engine2.dll + 0x6132E0)
22:56:36 [DEBUG] (1) cs2_sdk::analysis::interfaces: found "GameEventSystemServerV001" at 0x7FFA77EBBDD0 (engine2.dll + 0x90BDD0)
22:56:36 [DEBUG] (1) cs2_sdk::analysis::interfaces: found "GameEventSystemClientV001" at 0x7FFA77EBBCA0 (engine2.dll + 0x90BCA0)
22:56:36 [DEBUG] (1) cs2_sdk::analysis::interfaces: found "EngineServiceMgr001" at 0x7FFA77EBB9C0 (engine2.dll + 0x90B9C0)
22:56:36 [DEBUG] (1) cs2_sdk::analysis::interfaces: found "ClientServerSharedHandleSystem001" at 0x7FFA77EBB690 (engine2.dll + 0x90B690)
22:56:36 [DEBUG] (1) cs2_sdk::analysis::interfaces: found "VProfService_001" at 0x7FFA77BC3190 (engine2.dll + 0x613190)
22:56:36 [DEBUG] (1) cs2_sdk::analysis::interfaces: found "ToolService_001" at 0x7FFA77BC3150 (engine2.dll + 0x613150)
22:56:36 [DEBUG] (1) cs2_sdk::analysis::interfaces: found "StatsService_001" at 0x7FFA77EBAEE0 (engine2.dll + 0x90AEE0)
22:56:36 [DEBUG] (1) cs2_sdk::analysis::interfaces: found "SplitScreenService_001" at 0x7FFA77BC2F90 (engine2.dll + 0x612F90)
22:56:36 [DEBUG] (1) cs2_sdk::analysis::interfaces: found "SoundService_001" at 0x7FFA77BC2CB0 (engine2.dll + 0x612CB0)
22:56:36 [DEBUG] (1) cs2_sdk::analysis::interfaces: found "ScreenshotService001" at 0x7FFA77EBAB20 (engine2.dll + 0x90AB20)
22:56:36 [DEBUG] (1) cs2_sdk::analysis::interfaces: found "RenderService_001" at 0x7FFA77EBA860 (engine2.dll + 0x90A860)
22:56:36 [DEBUG] (1) cs2_sdk::analysis::interfaces: found "NetworkService_001" at 0x7FFA77BC2C70 (engine2.dll + 0x612C70)
22:56:36 [DEBUG] (1) cs2_sdk::analysis::interfaces: found "NetworkServerService_001" at 0x7FFA77EBA5F0 (engine2.dll + 0x90A5F0)
22:56:36 [DEBUG] (1) cs2_sdk::analysis::interfaces: found "NetworkP2PService_001" at 0x7FFA77EBA440 (engine2.dll + 0x90A440)
22:56:36 [DEBUG] (1) cs2_sdk::analysis::interfaces: found "NetworkClientService_001" at 0x7FFA77EBA100 (engine2.dll + 0x90A100)
22:56:36 [DEBUG] (1) cs2_sdk::analysis::interfaces: found "MapListService_001" at 0x7FFA77EB9F70 (engine2.dll + 0x909F70)
22:56:36 [DEBUG] (1) cs2_sdk::analysis::interfaces: found "InputService_001" at 0x7FFA77E7B100 (engine2.dll + 0x8CB100)
22:56:36 [DEBUG] (1) cs2_sdk::analysis::interfaces: found "GameUIService_001" at 0x7FFA77E7AE10 (engine2.dll + 0x8CAE10)
22:56:36 [DEBUG] (1) cs2_sdk::analysis::interfaces: found "GameResourceServiceServerV001" at 0x7FFA77BC2B00 (engine2.dll + 0x612B00)
22:56:36 [DEBUG] (1) cs2_sdk::analysis::interfaces: found "GameResourceServiceClientV001" at 0x7FFA77BC2AA0 (engine2.dll + 0x612AA0)
22:56:36 [DEBUG] (1) cs2_sdk::analysis::interfaces: found "BugService001" at 0x7FFA77E7A9E0 (engine2.dll + 0x8CA9E0)
22:56:36 [DEBUG] (1) cs2_sdk::analysis::interfaces: found "BenchmarkService001" at 0x7FFA77BC29A0 (engine2.dll + 0x6129A0)
22:56:36 [DEBUG] (1) cs2_sdk::analysis::interfaces: found "VENGINE_GAMEUIFUNCS_VERSION005" at 0x7FFA77BC0330 (engine2.dll + 0x610330)
22:56:36 [DEBUG] (1) cs2_sdk::analysis::interfaces: found "EngineGameUI001" at 0x7FFA77BC02A0 (engine2.dll + 0x6102A0)
22:56:36 [DEBUG] (1) cs2_sdk::analysis::interfaces: found "INETSUPPORT_001" at 0x7FFA77BBC040 (engine2.dll + 0x60C040)
22:56:36 [DEBUG] (1) cs2_sdk::analysis::interfaces: found "Source2EngineToServerStringTable001" at 0x7FFA77BBFCA0 (engine2.dll + 0x60FCA0)
22:56:36 [DEBUG] (1) cs2_sdk::analysis::interfaces: found "Source2EngineToServer001" at 0x7FFA77BBFC78 (engine2.dll + 0x60FC78)
22:56:36 [DEBUG] (1) cs2_sdk::analysis::interfaces: found "Source2EngineToClientStringTable001" at 0x7FFA77BBFC00 (engine2.dll + 0x60FC00)
22:56:36 [DEBUG] (1) cs2_sdk::analysis::interfaces: found "Source2EngineToClient001" at 0x7FFA77BBFBA0 (engine2.dll + 0x60FBA0)
22:56:36 [DEBUG] (1) cs2_sdk::analysis::interfaces: found "IVALIDATE001" at 0x7FFACE1EE0B8 (steamclient64.dll + 0x16BE0B8)
22:56:36 [DEBUG] (1) cs2_sdk::analysis::interfaces: found "SteamClient023" at 0x7FFACE1EB5A8 (steamclient64.dll + 0x16BB5A8)
22:56:36 [DEBUG] (1) cs2_sdk::analysis::interfaces: found "SteamClient022" at 0x7FFACE1EB5A0 (steamclient64.dll + 0x16BB5A0)
22:56:36 [DEBUG] (1) cs2_sdk::analysis::interfaces: found "SteamClient021" at 0x7FFACE1EB598 (steamclient64.dll + 0x16BB598)
22:56:36 [DEBUG] (1) cs2_sdk::analysis::interfaces: found "SteamClient020" at 0x7FFACE1EB590 (steamclient64.dll + 0x16BB590)
22:56:36 [DEBUG] (1) cs2_sdk::analysis::interfaces: found "SteamClient019" at 0x7FFACE1EB588 (steamclient64.dll + 0x16BB588)
22:56:36 [DEBUG] (1) cs2_sdk::analysis::interfaces: found "SteamClient018" at 0x7FFACE1EB580 (steamclient64.dll + 0x16BB580)
22:56:36 [DEBUG] (1) cs2_sdk::analysis::interfaces: found "SteamClient017" at 0x7FFACE1EB578 (steamclient64.dll + 0x16BB578)
22:56:36 [DEBUG] (1) cs2_sdk::analysis::interfaces: found "SteamClient016" at 0x7FFACE1EB570 (steamclient64.dll + 0x16BB570)
22:56:36 [DEBUG] (1) cs2_sdk::analysis::interfaces: found "SteamClient015" at 0x7FFACE1EB568 (steamclient64.dll + 0x16BB568)
22:56:36 [DEBUG] (1) cs2_sdk::analysis::interfaces: found "SteamClient014" at 0x7FFACE1EB560 (steamclient64.dll + 0x16BB560)
22:56:36 [DEBUG] (1) cs2_sdk::analysis::interfaces: found "SteamClient013" at 0x7FFACE1EB558 (steamclient64.dll + 0x16BB558)
22:56:36 [DEBUG] (1) cs2_sdk::analysis::interfaces: found "SteamClient012" at 0x7FFACE1EB550 (steamclient64.dll + 0x16BB550)
22:56:36 [DEBUG] (1) cs2_sdk::analysis::interfaces: found "SteamClient011" at 0x7FFACE1EB548 (steamclient64.dll + 0x16BB548)
22:56:36 [DEBUG] (1) cs2_sdk::analysis::interfaces: found "SteamClient010" at 0x7FFACE1EB540 (steamclient64.dll + 0x16BB540)
22:56:36 [DEBUG] (1) cs2_sdk::analysis::interfaces: found "SteamClient009" at 0x7FFACE1EB538 (steamclient64.dll + 0x16BB538)
22:56:36 [DEBUG] (1) cs2_sdk::analysis::interfaces: found "SteamClient008" at 0x7FFACE1EB530 (steamclient64.dll + 0x16BB530)
22:56:36 [DEBUG] (1) cs2_sdk::analysis::interfaces: found "SteamClient007" at 0x7FFACE1EB528 (steamclient64.dll + 0x16BB528)
22:56:36 [DEBUG] (1) cs2_sdk::analysis::interfaces: found "SteamClient006" at 0x7FFACE1EB520 (steamclient64.dll + 0x16BB520)
22:56:36 [DEBUG] (1) cs2_sdk::analysis::interfaces: found "p2pvoice002" at 0x7FFACE01627F (steamclient64.dll + 0x14E627F)
22:56:36 [DEBUG] (1) cs2_sdk::analysis::interfaces: found "p2pvoicesingleton002" at 0x7FFACE1C60F0 (steamclient64.dll + 0x16960F0)
22:56:36 [DEBUG] (1) cs2_sdk::analysis::interfaces: found "IVALIDATE001" at 0x7FFAD44BF990 (vstdlib_s64.dll + 0x6F990)
22:56:36 [DEBUG] (1) cs2_sdk::analysis::interfaces: found "VEngineCvar002" at 0x7FFAD44BE070 (vstdlib_s64.dll + 0x6E070)
22:56:36 [DEBUG] (1) cs2_sdk::analysis::interfaces: found "VAsyncFileSystem2_001" at 0x7FFA76EC59E0 (filesystem_stdio.dll + 0x2159E0)
22:56:36 [DEBUG] (1) cs2_sdk::analysis::interfaces: found "VFileSystem017" at 0x7FFA76EC57A0 (filesystem_stdio.dll + 0x2157A0)
22:56:36 [DEBUG] (1) cs2_sdk::analysis::interfaces: found "InputSystemVersion001" at 0x7FFB09682B50 (inputsystem.dll + 0x42B50)
22:56:36 [DEBUG] (1) cs2_sdk::analysis::interfaces: found "InputStackSystemVersion001" at 0x7FFB09680E30 (inputsystem.dll + 0x40E30)
22:56:36 [DEBUG] (1) cs2_sdk::analysis::interfaces: found "IMEManager001" at 0x7FFB095D6B20 (imemanager.dll + 0x36B20)
22:56:36 [DEBUG] (1) cs2_sdk::analysis::interfaces: found "Localize_001" at 0x7FFB08042180 (localize.dll + 0x62180)
22:56:36 [DEBUG] (1) cs2_sdk::analysis::interfaces: found "RenderUtils_001" at 0x7FFA76C0BE28 (rendersystemdx11.dll + 0x42BE28)
22:56:36 [DEBUG] (1) cs2_sdk::analysis::interfaces: found "VRenderDeviceMgrBackdoor001" at 0x7FFA76C0B5D0 (rendersystemdx11.dll + 0x42B5D0)
22:56:36 [DEBUG] (1) cs2_sdk::analysis::interfaces: found "RenderDeviceMgr001" at 0x7FFA76C0B530 (rendersystemdx11.dll + 0x42B530)
22:56:36 [DEBUG] (1) cs2_sdk::analysis::interfaces: found "ResourceSystem013" at 0x7FFAD30331E0 (resourcesystem.dll + 0x831E0)
22:56:36 [DEBUG] (1) cs2_sdk::analysis::interfaces: found "SchemaSystem_001" at 0x7FFAD2FA6800 (schemasystem.dll + 0x76800)
22:56:36 [DEBUG] (1) cs2_sdk::analysis::interfaces: found "MaterialUtils_001" at 0x7FFACC625D40 (materialsystem2.dll + 0x145D40)
22:56:36 [DEBUG] (1) cs2_sdk::analysis::interfaces: found "TextLayout_001" at 0x7FFACC625CD0 (materialsystem2.dll + 0x145CD0)
22:56:36 [DEBUG] (1) cs2_sdk::analysis::interfaces: found "PostProcessingSystem_001" at 0x7FFACC625C50 (materialsystem2.dll + 0x145C50)
22:56:36 [DEBUG] (1) cs2_sdk::analysis::interfaces: found "FontManager_001" at 0x7FFACC63DE60 (materialsystem2.dll + 0x15DE60)
22:56:36 [DEBUG] (1) cs2_sdk::analysis::interfaces: found "VMaterialSystem2_001" at 0x7FFACC63D750 (materialsystem2.dll + 0x15D750)
22:56:36 [DEBUG] (1) cs2_sdk::analysis::interfaces: found "MeshSystem001" at 0x7FFA750C0C20 (meshsystem.dll + 0x150C20)
22:56:36 [DEBUG] (1) cs2_sdk::analysis::interfaces: found "WorldRendererMgr001" at 0x7FFA74F35C60 (worldrenderer.dll + 0x225C60)
22:56:36 [DEBUG] (1) cs2_sdk::analysis::interfaces: found "IPulseSystem_001" at 0x7FFA74CD36A0 (pulse_system.dll + 0x1F36A0)
22:56:36 [DEBUG] (1) cs2_sdk::analysis::interfaces: found "VScriptManager010" at 0x7FFA9D29B410 (vscript.dll + 0x13B410)
22:56:36 [DEBUG] (1) cs2_sdk::analysis::interfaces: found "SerializedEntitiesVersion001" at 0x7FFA74AA7F90 (networksystem.dll + 0x287F90)
22:56:36 [DEBUG] (1) cs2_sdk::analysis::interfaces: found "NetworkSystemVersion001" at 0x7FFA74AA7EA0 (networksystem.dll + 0x287EA0)
22:56:36 [DEBUG] (1) cs2_sdk::analysis::interfaces: found "NetworkMessagesVersion001" at 0x7FFA74AB6A60 (networksystem.dll + 0x296A60)
22:56:36 [DEBUG] (1) cs2_sdk::analysis::interfaces: found "FlattenedSerializersVersion001" at 0x7FFA74A8E750 (networksystem.dll + 0x26E750)
22:56:36 [DEBUG] (1) cs2_sdk::analysis::interfaces: found "AnimationSystemUtils_001" at 0x7FFA74482190 (animationsystem.dll + 0x812190)
22:56:36 [DEBUG] (1) cs2_sdk::analysis::interfaces: found "AnimationSystem_001" at 0x7FFA7447A0B0 (animationsystem.dll + 0x80A0B0)
22:56:36 [DEBUG] (1) cs2_sdk::analysis::interfaces: found "VPhysics2_Interface_001" at 0x7FFA73B3DDA0 (vphysics2.dll + 0x40DDA0)
22:56:36 [DEBUG] (1) cs2_sdk::analysis::interfaces: found "SoundOpSystem001" at 0x7FFA735B29B0 (soundsystem.dll + 0x5129B0)
22:56:36 [DEBUG] (1) cs2_sdk::analysis::interfaces: found "SoundOpSystemEdit001" at 0x7FFA735B2870 (soundsystem.dll + 0x512870)
22:56:36 [DEBUG] (1) cs2_sdk::analysis::interfaces: found "VMixEditTool001" at 0x7FFA789E879F (soundsystem.dll + 0x594879F)
22:56:36 [DEBUG] (1) cs2_sdk::analysis::interfaces: found "SoundSystem001" at 0x7FFA735B2360 (soundsystem.dll + 0x512360)
22:56:36 [DEBUG] (1) cs2_sdk::analysis::interfaces: found "SteamAudio001" at 0x7FFA7306E620 (steamaudio.dll + 0x25E620)
22:56:36 [DEBUG] (1) cs2_sdk::analysis::interfaces: found "SceneUtils_001" at 0x7FFA72B34AB0 (scenesystem.dll + 0x664AB0)
22:56:36 [DEBUG] (1) cs2_sdk::analysis::interfaces: found "SceneSystem_002" at 0x7FFA72DAB490 (scenesystem.dll + 0x8DB490)
22:56:36 [DEBUG] (1) cs2_sdk::analysis::interfaces: found "RenderingPipelines_001" at 0x7FFA72B33BA0 (scenesystem.dll + 0x663BA0)
22:56:36 [DEBUG] (1) cs2_sdk::analysis::interfaces: found "ParticleSystemMgr003" at 0x7FFA7223A370 (particles.dll + 0x54A370)
22:56:36 [DEBUG] (1) cs2_sdk::analysis::interfaces: found "PanoramaUIClient001" at 0x7FFA71CA6420 (panoramauiclient.dll + 0x296420)
22:56:36 [DEBUG] (1) cs2_sdk::analysis::interfaces: found "PanoramaUIEngine001" at 0x7FFA5B985D20 (panorama.dll + 0x505D20)
22:56:36 [DEBUG] (1) cs2_sdk::analysis::interfaces: found "PanoramaTextServices001" at 0x7FFA6F6B8A40 (panorama_text_pango.dll + 0x2B8A40)
22:56:36 [DEBUG] (1) cs2_sdk::analysis::interfaces: found "Source2V8System001" at 0x7FFB08F01730 (v8system.dll + 0x31730)
22:56:36 [DEBUG] (1) cs2_sdk::analysis::interfaces: found "NavGameTest001" at 0x7FFA52484240 (server.dll + 0x1CA4240)
22:56:36 [DEBUG] (1) cs2_sdk::analysis::interfaces: found "ServerToolsInfo_001" at 0x7FFA52431238 (server.dll + 0x1C51238)
22:56:36 [DEBUG] (1) cs2_sdk::analysis::interfaces: found "Source2GameClients001" at 0x7FFA5242FC90 (server.dll + 0x1C4FC90)
22:56:36 [DEBUG] (1) cs2_sdk::analysis::interfaces: found "Source2GameEntities001" at 0x7FFA52430940 (server.dll + 0x1C50940)
22:56:36 [DEBUG] (1) cs2_sdk::analysis::interfaces: found "Source2Server001" at 0x7FFA52430790 (server.dll + 0x1C50790)
22:56:36 [DEBUG] (1) cs2_sdk::analysis::interfaces: found "EmptyWorldService001_Server" at 0x7FFA523D7D40 (server.dll + 0x1BF7D40)
22:56:36 [DEBUG] (1) cs2_sdk::analysis::interfaces: found "Source2ServerConfig001" at 0x7FFA526E6B68 (server.dll + 0x1F06B68)
22:56:36 [DEBUG] (1) cs2_sdk::analysis::interfaces: found "EntitySubclassUtilsV001" at 0x7FFA52383380 (server.dll + 0x1BA3380)
22:56:36 [DEBUG] (1) cs2_sdk::analysis::interfaces: found "customnavsystem001" at 0x7FFA52364668 (server.dll + 0x1B84668)
22:56:36 [DEBUG] (1) cs2_sdk::analysis::interfaces: found "Source2GameDirector001" at 0x7FFA525C98E0 (server.dll + 0x1DE98E0)
22:56:36 [INFO] found 110 interfaces across 28 modules
22:56:37 [DEBUG] (1) cs2_sdk::analysis::offsets::client: found "dwCSGOInput" at 0x7FFA83043190 (client.dll + 0x2353190)
22:56:37 [DEBUG] (1) cs2_sdk::analysis::offsets::client: found "dwEntityList" at 0x7FFA831D44E0 (client.dll + 0x24E44E0)
22:56:37 [DEBUG] (1) cs2_sdk::analysis::offsets::client: found "dwGameEntitySystem" at 0x7FFA831D44E0 (client.dll + 0x24E44E0)
22:56:37 [DEBUG] (1) cs2_sdk::analysis::offsets::client: found "dwGameEntitySystem_highestEntityIndex" at 0x7FFA80CF2090 (client.dll + 0x2090)
22:56:37 [DEBUG] (1) cs2_sdk::analysis::offsets::client: found "dwGameRules" at 0x7FFA826F0BB0 (client.dll + 0x1A00BB0)
22:56:37 [DEBUG] (1) cs2_sdk::analysis::offsets::client: found "dwGlobalVars" at 0x7FFA82D4E6D0 (client.dll + 0x205E6D0)
22:56:37 [DEBUG] (1) cs2_sdk::analysis::offsets::client: found "dwGlowManager" at 0x7FFA8302B050 (client.dll + 0x233B050)
22:56:37 [DEBUG] (1) cs2_sdk::analysis::offsets::client: found "dwLocalPlayerController" at 0x7FFA8300D830 (client.dll + 0x231D830)
22:56:37 [DEBUG] (1) cs2_sdk::analysis::offsets::client: found "dwLocalPlayerPawn" at 0x7FFA82D59800 (client.dll + 0x2069800)
22:56:37 [DEBUG] (1) cs2_sdk::analysis::offsets::client: found "dwPlantedC4" at 0x7FFA8303CF08 (client.dll + 0x234CF08)
22:56:37 [DEBUG] (1) cs2_sdk::analysis::offsets::client: found "dwPrediction" at 0x7FFA82D59710 (client.dll + 0x2069710)
22:56:37 [DEBUG] (1) cs2_sdk::analysis::offsets::client: found "dwSensitivity" at 0x7FFA8302BB68 (client.dll + 0x233BB68)
22:56:37 [DEBUG] (1) cs2_sdk::analysis::offsets::client: found "dwSensitivity_sensitivity" at 0x7FFA80CF0058 (client.dll + 0x58)
22:56:37 [DEBUG] (1) cs2_sdk::analysis::offsets::client: found "dwViewAngles" at 0x7FFA83043818 (client.dll + 0x2353818)
22:56:37 [DEBUG] (1) cs2_sdk::analysis::offsets::client: found "dwViewMatrix" at 0x7FFA83033AB0 (client.dll + 0x2343AB0)
22:56:37 [DEBUG] (1) cs2_sdk::analysis::offsets::client: found "dwViewRender" at 0x7FFA83033E58 (client.dll + 0x2343E58)
22:56:37 [DEBUG] (1) cs2_sdk::analysis::offsets::client: found "dwWeaponC4" at 0x7FFA82FABE30 (client.dll + 0x22BBE30)
22:56:37 [DEBUG] (1) cs2_sdk::analysis::offsets::engine2: found "dwBuildNumber" at 0x7FFA77BBCC74 (engine2.dll + 0x60CC74)
22:56:37 [DEBUG] (1) cs2_sdk::analysis::offsets::engine2: found "dwNetworkGameClient" at 0x7FFA77EBA1A0 (engine2.dll + 0x90A1A0)
22:56:37 [DEBUG] (1) cs2_sdk::analysis::offsets::engine2: found "dwNetworkGameClient_clientTickCount" at 0x7FFA775B0378 (engine2.dll + 0x378)
22:56:37 [DEBUG] (1) cs2_sdk::analysis::offsets::engine2: found "dwNetworkGameClient_deltaTick" at 0x7FFA775B024C (engine2.dll + 0x24C)
22:56:37 [DEBUG] (1) cs2_sdk::analysis::offsets::engine2: found "dwNetworkGameClient_isBackgroundMap" at 0x7FFA7787141F (engine2.dll + 0x2C141F)
22:56:37 [DEBUG] (1) cs2_sdk::analysis::offsets::engine2: found "dwNetworkGameClient_localPlayer" at 0x7FFA775B00F8 (engine2.dll + 0xF8)
22:56:37 [DEBUG] (1) cs2_sdk::analysis::offsets::engine2: found "dwNetworkGameClient_maxClients" at 0x7FFA775B0240 (engine2.dll + 0x240)
22:56:37 [DEBUG] (1) cs2_sdk::analysis::offsets::engine2: found "dwNetworkGameClient_serverTickCount" at 0x7FFA775B024C (engine2.dll + 0x24C)
22:56:37 [DEBUG] (1) cs2_sdk::analysis::offsets::engine2: found "dwNetworkGameClient_signOnState" at 0x7FFA775B0230 (engine2.dll + 0x230)
22:56:37 [DEBUG] (1) cs2_sdk::analysis::offsets::engine2: found "dwWindowHeight" at 0x7FFA77EBE5C4 (engine2.dll + 0x90E5C4)
22:56:37 [DEBUG] (1) cs2_sdk::analysis::offsets::engine2: found "dwWindowWidth" at 0x7FFA77EBE5C0 (engine2.dll + 0x90E5C0)
22:56:37 [DEBUG] (1) cs2_sdk::analysis::offsets::input_system: found "dwInputSystem" at 0x7FFB09682B50 (input_system.dll + 0x42B50)
22:56:37 [DEBUG] (1) cs2_sdk::analysis::offsets::matchmaking: found "dwGameTypes" at 0x7FFAD29A0F80 (matchmaking.dll + 0x1B0F80)
22:56:37 [DEBUG] (1) cs2_sdk::analysis::offsets::soundsystem: found "dwSoundSystem" at 0x7FFA735B2360 (soundsystem.dll + 0x512360)
22:56:37 [DEBUG] (1) cs2_sdk::analysis::offsets::soundsystem: found "dwSoundSystem_engineViewData" at 0x7FFA730A007C (soundsystem.dll + 0x7C)
22:56:37 [INFO] found 32 offsets across 5 modules
22:56:37 [DEBUG] (1) cs2_sdk::analysis::schemas: module "schemasystem.dll" contains 7 class(es) and 2 enum(s)
22:56:37 [DEBUG] (1) cs2_sdk::analysis::schemas: module "resourcesystem.dll" contains 58 class(es) and 2 enum(s)
22:56:37 [DEBUG] (1) cs2_sdk::analysis::schemas: module "rendersystemdx11.dll" contains 8 class(es) and 8 enum(s)
22:56:37 [DEBUG] (1) cs2_sdk::analysis::schemas: module "engine2.dll" contains 56 class(es) and 2 enum(s)
22:56:37 [DEBUG] (1) cs2_sdk::analysis::schemas: module "materialsystem2.dll" contains 14 class(es) and 5 enum(s)
22:56:37 [DEBUG] (1) cs2_sdk::analysis::schemas: module "networksystem.dll" contains 1 class(es) and 0 enum(s)
22:56:37 [DEBUG] (1) cs2_sdk::analysis::schemas: module "animationsystem.dll" contains 695 class(es) and 148 enum(s)
22:56:37 [DEBUG] (1) cs2_sdk::analysis::schemas: module "vphysics2.dll" contains 110 class(es) and 5 enum(s)
22:56:37 [DEBUG] (1) cs2_sdk::analysis::schemas: module "soundsystem.dll" contains 136 class(es) and 26 enum(s)
22:56:37 [DEBUG] (1) cs2_sdk::analysis::schemas: module "steamaudio.dll" contains 17 class(es) and 0 enum(s)
22:56:37 [DEBUG] (1) cs2_sdk::analysis::schemas: module "scenesystem.dll" contains 9 class(es) and 5 enum(s)
22:56:37 [DEBUG] (1) cs2_sdk::analysis::schemas: module "worldrenderer.dll" contains 32 class(es) and 3 enum(s)
22:56:37 [DEBUG] (1) cs2_sdk::analysis::schemas: module "pulse_system.dll" contains 99 class(es) and 5 enum(s)
22:56:37 [DEBUG] (1) cs2_sdk::analysis::schemas: module "particles.dll" contains 501 class(es) and 76 enum(s)
22:56:37 [DEBUG] (1) cs2_sdk::analysis::schemas: module "panorama.dll" contains 0 class(es) and 2 enum(s)
22:56:37 [DEBUG] (1) cs2_sdk::analysis::schemas: module "server.dll" contains 944 class(es) and 179 enum(s)
22:56:37 [DEBUG] (1) cs2_sdk::analysis::schemas: module "client.dll" contains 535 class(es) and 12 enum(s)
22:56:37 [DEBUG] (1) cs2_sdk::analysis::schemas: module "host.dll" contains 2 class(es) and 0 enum(s)
22:56:37 [INFO] found 3224 classes and 480 enums across 18 modules
22:56:37 [INFO] scanning client.dll for skinchanger patterns
22:56:37 [INFO] found EquipItemInLoadout: 0x7C3D60
22:56:37 [INFO] found SetMeshGroupMask: 0xA308F0
22:56:37 [INFO] found GetItemInLoadout: 0x7C5980
22:56:37 [INFO] found SetModel: 0x8DDAA0
22:56:37 [INFO] found RegenerateWeaponSkin: 0x78DCD0
22:56:37 [INFO] found CreateSOSubclassEconItem: 0x10063B0
22:56:37 [INFO] scanning materialsystem2.dll for material patterns
22:56:37 [INFO] found FindParameter: 0x11E30
22:56:37 [INFO] found PrepareSceneMaterial: 0x11BE0
22:56:37 [INFO] found UpdateParameter: 0x12370
22:56:37 [INFO] skinchanger analysis complete: found 9 patterns across 2 modules
22:56:37 [INFO] found 9 skinchanger patterns across 2 modules
22:56:37 [DEBUG] (1) cs2_sdk::analysis::vtables: animationsystem.dll::AnimationSystemUtils_001 vtable @ animationsystem.dll+0x6EB6B0 (3 methods, rtti=Some("CAnimationSystemUtils"))
22:56:37 [DEBUG] (1) cs2_sdk::analysis::vtables: animationsystem.dll::AnimationSystem_001 vtable @ animationsystem.dll+0x6EB8D8 (216 methods, rtti=Some("CAnimationSystem"))
22:56:37 [DEBUG] (1) cs2_sdk::analysis::vtables: engine2.dll::BenchmarkService001 vtable @ engine2.dll+0x56B480 (73 methods, rtti=Some("CBenchmarkService"))
22:56:37 [DEBUG] (1) cs2_sdk::analysis::vtables: engine2.dll::BugService001 vtable @ engine2.dll+0x56BF78 (23 methods, rtti=Some("CBugService"))
22:56:37 [DEBUG] (1) cs2_sdk::analysis::vtables: engine2.dll::ClientServerEngineLoopService_001 vtable @ engine2.dll+0x580438 (28 methods, rtti=Some("CLoopTypeClientServerService"))
22:56:37 [DEBUG] (1) cs2_sdk::analysis::vtables: engine2.dll::ClientServerSharedHandleSystem001 vtable @ engine2.dll+0x577BB0 (14 methods, rtti=Some("CClientServerSharedHandleSystem"))
22:56:37 [DEBUG] (1) cs2_sdk::analysis::vtables: engine2.dll::EngineGameUI001 vtable @ engine2.dll+0x553860 (31 methods, rtti=Some("CEngineGameUI"))
22:56:37 [DEBUG] (1) cs2_sdk::analysis::vtables: engine2.dll::EngineServiceMgr001 vtable @ engine2.dll+0x57CF28 (64 methods, rtti=Some("CEngineServiceMgr"))
22:56:37 [DEBUG] (1) cs2_sdk::analysis::vtables: engine2.dll::GameEventSystemClientV001 vtable @ engine2.dll+0x57DC00 (95 methods, rtti=Some("CGameEventSystem"))
22:56:37 [DEBUG] (1) cs2_sdk::analysis::vtables: engine2.dll::GameEventSystemServerV001 vtable @ engine2.dll+0x57DC00 (95 methods, rtti=Some("CGameEventSystem"))
22:56:37 [DEBUG] (1) cs2_sdk::analysis::vtables: engine2.dll::GameResourceServiceClientV001 vtable @ engine2.dll+0x56C9F8 (89 methods, rtti=Some("CGameResourceService"))
22:56:37 [DEBUG] (1) cs2_sdk::analysis::vtables: engine2.dll::GameResourceServiceServerV001 vtable @ engine2.dll+0x56C9F8 (89 methods, rtti=Some("CGameResourceService"))
22:56:37 [DEBUG] (1) cs2_sdk::analysis::vtables: engine2.dll::GameUIService_001 vtable @ engine2.dll+0x56D5B8 (46 methods, rtti=Some("CGameUIService"))
22:56:37 [DEBUG] (1) cs2_sdk::analysis::vtables: engine2.dll::HostStateMgr001 vtable @ engine2.dll+0x57E360 (27 methods, rtti=Some("CHostStateMgr"))
22:56:37 [DEBUG] (1) cs2_sdk::analysis::vtables: engine2.dll::INETSUPPORT_001 vtable @ engine2.dll+0x54A238 (140 methods, rtti=Some("CNetSupportImpl"))
22:56:37 [DEBUG] (1) cs2_sdk::analysis::vtables: engine2.dll::InputService_001 vtable @ engine2.dll+0x56FFE8 (66 methods, rtti=Some("CInputService"))
22:56:37 [DEBUG] (1) cs2_sdk::analysis::vtables: engine2.dll::KeyValueCache001 vtable @ engine2.dll+0x57E458 (17 methods, rtti=Some("CKeyValueCache"))
22:56:37 [DEBUG] (1) cs2_sdk::analysis::vtables: engine2.dll::MapListService_001 vtable @ engine2.dll+0x570320 (26 methods, rtti=Some("CMapListService"))
22:56:37 [DEBUG] (1) cs2_sdk::analysis::vtables: engine2.dll::NetworkClientService_001 vtable @ engine2.dll+0x571D00 (64 methods, rtti=Some("CNetworkClientService"))
22:56:37 [DEBUG] (1) cs2_sdk::analysis::vtables: engine2.dll::NetworkP2PService_001 vtable @ engine2.dll+0x572A88 (152 methods, rtti=Some("CNetworkP2PService"))
22:56:37 [DEBUG] (1) cs2_sdk::analysis::vtables: engine2.dll::NetworkServerService_001 vtable @ engine2.dll+0x572D98 (54 methods, rtti=Some("CNetworkServerService"))
22:56:37 [DEBUG] (1) cs2_sdk::analysis::vtables: engine2.dll::NetworkService_001 vtable @ engine2.dll+0x573B00 (49 methods, rtti=Some("CNetworkService"))
22:56:37 [DEBUG] (1) cs2_sdk::analysis::vtables: engine2.dll::RenderService_001 vtable @ engine2.dll+0x574498 (58 methods, rtti=Some("CRenderService"))
22:56:37 [DEBUG] (1) cs2_sdk::analysis::vtables: engine2.dll::ScreenshotService001 vtable @ engine2.dll+0x574818 (26 methods, rtti=Some("CScreenshotService"))
22:56:37 [DEBUG] (1) cs2_sdk::analysis::vtables: engine2.dll::SimpleEngineLoopService_001 vtable @ engine2.dll+0x580580 (29 methods, rtti=Some("CLoopTypeSimpleService"))
22:56:37 [DEBUG] (1) cs2_sdk::analysis::vtables: engine2.dll::SoundService_001 vtable @ engine2.dll+0x5757B8 (37 methods, rtti=Some("CSoundService"))
22:56:37 [DEBUG] (1) cs2_sdk::analysis::vtables: engine2.dll::Source2EngineToClient001 vtable @ engine2.dll+0x534A10 (191 methods, rtti=Some("CEngineClient"))
22:56:37 [DEBUG] (1) cs2_sdk::analysis::vtables: engine2.dll::Source2EngineToClientStringTable001 vtable @ engine2.dll+0x54A3B0 (93 methods, rtti=Some("CNetworkStringTableContainer"))
22:56:37 [DEBUG] (1) cs2_sdk::analysis::vtables: engine2.dll::Source2EngineToServer001 vtable @ engine2.dll+0x53BC68 (164 methods, rtti=Some("CEngineServer"))
22:56:37 [DEBUG] (1) cs2_sdk::analysis::vtables: engine2.dll::Source2EngineToServerStringTable001 vtable @ engine2.dll+0x54A3B0 (93 methods, rtti=Some("CNetworkStringTableContainer"))
22:56:37 [DEBUG] (1) cs2_sdk::analysis::vtables: engine2.dll::SplitScreenService_001 vtable @ engine2.dll+0x576328 (48 methods, rtti=Some("CSplitScreenService"))
22:56:37 [DEBUG] (1) cs2_sdk::analysis::vtables: engine2.dll::StatsService_001 vtable @ engine2.dll+0x576B60 (34 methods, rtti=Some("CStatsService"))
22:56:37 [DEBUG] (1) cs2_sdk::analysis::vtables: engine2.dll::ToolService_001 vtable @ engine2.dll+0x577018 (91 methods, rtti=Some("CToolService"))
22:56:37 [DEBUG] (1) cs2_sdk::analysis::vtables: engine2.dll::VENGINE_GAMEUIFUNCS_VERSION005 vtable @ engine2.dll+0x553980 (23 methods, rtti=Some("CGameUIFuncs"))
22:56:37 [DEBUG] (1) cs2_sdk::analysis::vtables: engine2.dll::VProfService_001 vtable @ engine2.dll+0x577880 (25 methods, rtti=Some("CVProfService"))
22:56:37 [DEBUG] (1) cs2_sdk::analysis::vtables: filesystem_stdio.dll::VAsyncFileSystem2_001 vtable @ filesystem_stdio.dll+0x1AEDF8 (25 methods, rtti=Some("CAsyncFileSystem2"))
22:56:37 [DEBUG] (1) cs2_sdk::analysis::vtables: filesystem_stdio.dll::VFileSystem017 vtable @ filesystem_stdio.dll+0x1B0EC8 (141 methods, rtti=Some("CFileSystem_Stdio"))
22:56:37 [DEBUG] (1) cs2_sdk::analysis::vtables: imemanager.dll::IMEManager001 vtable @ imemanager.dll+0x2F610 (23 methods, rtti=Some("CIMEManager"))
22:56:37 [DEBUG] (1) cs2_sdk::analysis::vtables: inputsystem.dll::InputStackSystemVersion001 vtable @ inputsystem.dll+0x33870 (30 methods, rtti=Some("CInputStackSystem"))
22:56:37 [DEBUG] (1) cs2_sdk::analysis::vtables: inputsystem.dll::InputSystemVersion001 vtable @ inputsystem.dll+0x35350 (107 methods, rtti=Some("CInputSystem"))
22:56:37 [DEBUG] (1) cs2_sdk::analysis::vtables: localize.dll::Localize_001 vtable @ localize.dll+0x56808 (117 methods, rtti=Some("CLocalize"))
22:56:37 [DEBUG] (1) cs2_sdk::analysis::vtables: materialsystem2.dll::FontManager_001 vtable @ materialsystem2.dll+0x127998 (44 methods, rtti=Some("CFontManager"))
22:56:37 [DEBUG] (1) cs2_sdk::analysis::vtables: materialsystem2.dll::MaterialUtils_001 vtable @ materialsystem2.dll+0x129010 (80 methods, rtti=Some("CMaterialSystem2Utils"))
22:56:37 [DEBUG] (1) cs2_sdk::analysis::vtables: materialsystem2.dll::PostProcessingSystem_001 vtable @ materialsystem2.dll+0x128840 (22 methods, rtti=Some("CPostProcessingSystem"))
22:56:37 [DEBUG] (1) cs2_sdk::analysis::vtables: materialsystem2.dll::TextLayout_001 vtable @ materialsystem2.dll+0x128E70 (132 methods, rtti=Some("CTextLayout"))
22:56:37 [DEBUG] (1) cs2_sdk::analysis::vtables: materialsystem2.dll::VMaterialSystem2_001 vtable @ materialsystem2.dll+0x126E50 (57 methods, rtti=Some("CMaterialSystem2"))
22:56:37 [DEBUG] (1) cs2_sdk::analysis::vtables: meshsystem.dll::MeshSystem001 vtable @ meshsystem.dll+0x1283A0 (47 methods, rtti=Some("CMeshSystem"))
22:56:37 [DEBUG] (1) cs2_sdk::analysis::vtables: networksystem.dll::FlattenedSerializersVersion001 vtable @ networksystem.dll+0x22A298 (92 methods, rtti=Some("CFlattenedSerializers"))
22:56:37 [DEBUG] (1) cs2_sdk::analysis::vtables: networksystem.dll::NetworkMessagesVersion001 vtable @ networksystem.dll+0x22EC08 (87 methods, rtti=Some("CNetworkMessages"))
22:56:37 [DEBUG] (1) cs2_sdk::analysis::vtables: networksystem.dll::NetworkSystemVersion001 vtable @ networksystem.dll+0x2314A8 (62 methods, rtti=Some("CNetworkSystem"))
22:56:37 [DEBUG] (1) cs2_sdk::analysis::vtables: networksystem.dll::SerializedEntitiesVersion001 vtable @ networksystem.dll+0x2353B8 (25 methods, rtti=Some("CSerializedEntities"))
22:56:37 [DEBUG] (1) cs2_sdk::analysis::vtables: panorama.dll::PanoramaUIEngine001 vtable @ panorama.dll+0x442D70 (18 methods, rtti=Some("CPanoramaUIEngine"))
22:56:37 [DEBUG] (1) cs2_sdk::analysis::vtables: panorama_text_pango.dll::PanoramaTextServices001 vtable @ panorama_text_pango.dll+0x24DCC8 (47 methods, rtti=Some("panorama::CUITextServicesPango"))
22:56:37 [DEBUG] (1) cs2_sdk::analysis::vtables: panoramauiclient.dll::PanoramaUIClient001 vtable @ panoramauiclient.dll+0x25A2B8 (35 methods, rtti=Some("CPanoramaUIClient"))
22:56:37 [DEBUG] (1) cs2_sdk::analysis::vtables: particles.dll::ParticleSystemMgr003 vtable @ particles.dll+0x4543F8 (63 methods, rtti=Some("CParticleSystemMgr"))
22:56:37 [DEBUG] (1) cs2_sdk::analysis::vtables: pulse_system.dll::IPulseSystem_001 vtable @ pulse_system.dll+0x166C68 (76 methods, rtti=Some("CPulseSystem"))
22:56:37 [DEBUG] (1) cs2_sdk::analysis::vtables: rendersystemdx11.dll::RenderDeviceMgr001 vtable @ rendersystemdx11.dll+0x3ED678 (42 methods, rtti=Some("CRenderDeviceMgrDx11"))
22:56:37 [DEBUG] (1) cs2_sdk::analysis::vtables: rendersystemdx11.dll::RenderUtils_001 vtable @ rendersystemdx11.dll+0x3EEE68 (17 methods, rtti=Some("CRenderUtils"))
22:56:37 [DEBUG] (1) cs2_sdk::analysis::vtables: rendersystemdx11.dll::VRenderDeviceMgrBackdoor001 vtable @ rendersystemdx11.dll+0x3ED660 (45 methods, rtti=Some("CRenderDeviceMgrDx11"))
22:56:37 [DEBUG] (1) cs2_sdk::analysis::vtables: resourcesystem.dll::ResourceSystem013 vtable @ resourcesystem.dll+0x60E88 (117 methods, rtti=Some("CResourceSystem"))
22:56:37 [DEBUG] (1) cs2_sdk::analysis::vtables: scenesystem.dll::RenderingPipelines_001 vtable @ scenesystem.dll+0x5DACE0 (11 methods, rtti=Some("CRenderingPipelines"))
22:56:37 [DEBUG] (1) cs2_sdk::analysis::vtables: scenesystem.dll::SceneSystem_002 vtable @ scenesystem.dll+0x5E22D0 (193 methods, rtti=Some("CSceneSystem"))
22:56:37 [DEBUG] (1) cs2_sdk::analysis::vtables: scenesystem.dll::SceneUtils_001 vtable @ scenesystem.dll+0x5EAB10 (83 methods, rtti=Some("CSceneUtils"))
22:56:37 [DEBUG] (1) cs2_sdk::analysis::vtables: schemasystem.dll::SchemaSystem_001 vtable @ schemasystem.dll+0x54B20 (222 methods, rtti=Some("CSchemaSystem"))
22:56:37 [DEBUG] (1) cs2_sdk::analysis::vtables: server.dll::EmptyWorldService001_Server vtable @ server.dll+0x16E1030 (23 methods, rtti=Some("CEmptyWorldService"))
22:56:37 [DEBUG] (1) cs2_sdk::analysis::vtables: server.dll::EntitySubclassUtilsV001 vtable @ server.dll+0x1620890 (89 methods, rtti=Some("CServerEntitySubclassUtils"))
22:56:37 [DEBUG] (1) cs2_sdk::analysis::vtables: server.dll::NavGameTest001 vtable @ server.dll+0x1821720 (12 methods, rtti=Some("CNavGameTest"))
22:56:37 [DEBUG] (1) cs2_sdk::analysis::vtables: server.dll::ServerToolsInfo_001 vtable @ server.dll+0x1797358 (12 methods, rtti=Some("CServerToolsInfo"))
22:56:37 [DEBUG] (1) cs2_sdk::analysis::vtables: server.dll::Source2GameClients001 vtable @ server.dll+0x17991D0 (256 methods, rtti=Some("CSource2GameClients"))
22:56:37 [DEBUG] (1) cs2_sdk::analysis::vtables: server.dll::Source2GameDirector001 vtable @ server.dll+0x15B1FD0 (19 methods, rtti=Some("CCSHLTVDirector"))
22:56:37 [DEBUG] (1) cs2_sdk::analysis::vtables: server.dll::Source2GameEntities001 vtable @ server.dll+0x1797BC8 (25 methods, rtti=Some("CSource2GameEntities"))
22:56:37 [DEBUG] (1) cs2_sdk::analysis::vtables: server.dll::Source2Server001 vtable @ server.dll+0x1797CB0 (101 methods, rtti=Some("CSource2Server"))
22:56:37 [DEBUG] (1) cs2_sdk::analysis::vtables: server.dll::Source2ServerConfig001 vtable @ server.dll+0x16CC918 (29 methods, rtti=Some("CCSGameConfiguration"))
22:56:37 [DEBUG] (1) cs2_sdk::analysis::vtables: server.dll::customnavsystem001 vtable @ server.dll+0x15EB0F0 (14 methods, rtti=Some("CCustomNavGenSystem"))
22:56:37 [DEBUG] (1) cs2_sdk::analysis::vtables: soundsystem.dll::SoundOpSystem001 vtable @ soundsystem.dll+0x4987D8 (256 methods, rtti=Some("CSoundOpSystem"))
22:56:37 [DEBUG] (1) cs2_sdk::analysis::vtables: soundsystem.dll::SoundOpSystemEdit001 vtable @ soundsystem.dll+0x4845C0 (100 methods, rtti=Some("CSosEdit"))
22:56:37 [DEBUG] (1) cs2_sdk::analysis::vtables: soundsystem.dll::SoundSystem001 vtable @ soundsystem.dll+0x480390 (133 methods, rtti=Some("CSoundSystem"))
22:56:37 [DEBUG] (1) cs2_sdk::analysis::vtables: steamaudio.dll::SteamAudio001 vtable @ steamaudio.dll+0x1ED578 (99 methods, rtti=Some("CSteamAudio"))
22:56:37 [DEBUG] (1) cs2_sdk::analysis::vtables: steamclient64.dll::IVALIDATE001 vtable @ steamclient64.dll+0x1334C98 (1 methods, rtti=Some("CSteamClientDLLValidate"))
22:56:37 [DEBUG] (1) cs2_sdk::analysis::vtables: steamclient64.dll::SteamClient006 vtable @ steamclient64.dll+0x12E2CF0 (21 methods, rtti=Some("CAdapterSteamClient006"))
22:56:37 [DEBUG] (1) cs2_sdk::analysis::vtables: steamclient64.dll::SteamClient007 vtable @ steamclient64.dll+0x12E2E00 (22 methods, rtti=Some("CAdapterSteamClient007"))
22:56:37 [DEBUG] (1) cs2_sdk::analysis::vtables: steamclient64.dll::SteamClient008 vtable @ steamclient64.dll+0x12E2EF8 (21 methods, rtti=Some("CAdapterSteamClient008"))
22:56:37 [DEBUG] (1) cs2_sdk::analysis::vtables: steamclient64.dll::SteamClient009 vtable @ steamclient64.dll+0x12E2FB8 (22 methods, rtti=Some("CAdapterSteamClient009"))
22:56:37 [DEBUG] (1) cs2_sdk::analysis::vtables: steamclient64.dll::SteamClient010 vtable @ steamclient64.dll+0x12E3090 (24 methods, rtti=Some("CAdapterSteamClient010"))
22:56:37 [DEBUG] (1) cs2_sdk::analysis::vtables: steamclient64.dll::SteamClient011 vtable @ steamclient64.dll+0x12E3170 (25 methods, rtti=Some("CAdapterSteamClient011"))
22:56:37 [DEBUG] (1) cs2_sdk::analysis::vtables: steamclient64.dll::SteamClient012 vtable @ steamclient64.dll+0x12E3260 (27 methods, rtti=Some("CAdapterSteamClient012"))
22:56:37 [DEBUG] (1) cs2_sdk::analysis::vtables: steamclient64.dll::SteamClient013 vtable @ steamclient64.dll+0x12E3358 (30 methods, rtti=Some("CAdapterSteamClient013"))
22:56:37 [DEBUG] (1) cs2_sdk::analysis::vtables: steamclient64.dll::SteamClient014 vtable @ steamclient64.dll+0x12E3478 (29 methods, rtti=Some("CAdapterSteamClient014"))
22:56:37 [DEBUG] (1) cs2_sdk::analysis::vtables: steamclient64.dll::SteamClient015 vtable @ steamclient64.dll+0x12E3580 (30 methods, rtti=Some("CAdapterSteamClient015"))
22:56:37 [DEBUG] (1) cs2_sdk::analysis::vtables: steamclient64.dll::SteamClient016 vtable @ steamclient64.dll+0x12E3698 (34 methods, rtti=Some("CAdapterSteamClient016"))
22:56:37 [DEBUG] (1) cs2_sdk::analysis::vtables: steamclient64.dll::SteamClient017 vtable @ steamclient64.dll+0x12E37D0 (37 methods, rtti=Some("CAdapterSteamClient017"))
22:56:37 [DEBUG] (1) cs2_sdk::analysis::vtables: steamclient64.dll::SteamClient018 vtable @ steamclient64.dll+0x12E3910 (40 methods, rtti=Some("CAdapterSteamClient018"))
22:56:37 [DEBUG] (1) cs2_sdk::analysis::vtables: steamclient64.dll::SteamClient019 vtable @ steamclient64.dll+0x12E3A80 (41 methods, rtti=Some("CAdapterSteamClient019"))
22:56:37 [DEBUG] (1) cs2_sdk::analysis::vtables: steamclient64.dll::SteamClient020 vtable @ steamclient64.dll+0x12E2728 (42 methods, rtti=Some("CAdapterSteamClient020"))
22:56:37 [DEBUG] (1) cs2_sdk::analysis::vtables: steamclient64.dll::SteamClient021 vtable @ steamclient64.dll+0x12E2890 (40 methods, rtti=Some("CAdapterSteamClient021"))
22:56:37 [DEBUG] (1) cs2_sdk::analysis::vtables: steamclient64.dll::SteamClient022 vtable @ steamclient64.dll+0x12E29E8 (39 methods, rtti=Some("CAdapterSteamClient022"))
22:56:37 [DEBUG] (1) cs2_sdk::analysis::vtables: steamclient64.dll::SteamClient023 vtable @ steamclient64.dll+0x12E2B48 (38 methods, rtti=Some("CAdapterSteamClient023"))
22:56:37 [DEBUG] (1) cs2_sdk::analysis::vtables: steamclient64.dll::p2pvoicesingleton002 vtable @ steamclient64.dll+0x1181088 (17 methods, rtti=Some("CP2PVoiceSingleton"))
22:56:37 [DEBUG] (1) cs2_sdk::analysis::vtables: tier0.dll::TestScriptMgr001 vtable @ tier0.dll+0x32CF60 (18 methods, rtti=Some("CTestScriptMgr"))
22:56:37 [DEBUG] (1) cs2_sdk::analysis::vtables: tier0.dll::VEngineCvar007 vtable @ tier0.dll+0x3121B8 (50 methods, rtti=Some("CCvar"))
22:56:37 [DEBUG] (1) cs2_sdk::analysis::vtables: tier0.dll::VProcessUtils002 vtable @ tier0.dll+0x32B2E0 (59 methods, rtti=Some("CProcessUtils"))
22:56:37 [DEBUG] (1) cs2_sdk::analysis::vtables: tier0.dll::VStringTokenSystem001 vtable @ tier0.dll+0x32FCD0 (13 methods, rtti=Some("CUtlStringTokenSystem"))
22:56:37 [DEBUG] (1) cs2_sdk::analysis::vtables: v8system.dll::Source2V8System001 vtable @ v8system.dll+0x2AF18 (19 methods, rtti=Some("CSource2V8System"))
22:56:37 [DEBUG] (1) cs2_sdk::analysis::vtables: vphysics2.dll::VPhysics2_Interface_001 vtable @ vphysics2.dll+0x3AD798 (169 methods, rtti=Some("CVPhysics2Interface"))
22:56:37 [DEBUG] (1) cs2_sdk::analysis::vtables: vscript.dll::VScriptManager010 vtable @ vscript.dll+0x129030 (59 methods, rtti=Some("CScriptManager"))
22:56:37 [DEBUG] (1) cs2_sdk::analysis::vtables: vstdlib_s64.dll::IVALIDATE001 vtable @ vstdlib_s64.dll+0x56840 (1 methods, rtti=Some("CVStdLibDLLValidate"))
22:56:37 [DEBUG] (1) cs2_sdk::analysis::vtables: vstdlib_s64.dll::VEngineCvar002 vtable @ vstdlib_s64.dll+0x4FE90 (13 methods, rtti=Some("CDefaultCvar"))
22:56:37 [DEBUG] (1) cs2_sdk::analysis::vtables: worldrenderer.dll::WorldRendererMgr001 vtable @ worldrenderer.dll+0x195E58 (102 methods, rtti=Some("CWorldRendererMgr"))
22:56:37 [INFO] dumped 108 interface vtables (6684 method slots, 108 class names recovered via RTTI) across 28 modules
22:56:57 [WARN] 39 signature(s) matched more than once in their .text section — consider tightening
